# JRE version: OpenJDK Runtime Environment (8.0_265-b01) (build 1.8.0_265-b01)
# Java VM: OpenJDK 64-Bit Server VM (25.265-b01 mixed mode linux-amd64 compressed oops)
Heap:
 def new generation   total 21888K, used 687K [0x00000000f0a00000, 0x00000000f21b0000, 0x00000000f5c00000)
  eden space 19520K,   3% used [0x00000000f0a00000, 0x00000000f0aabf88, 0x00000000f1d10000)
  from space 2368K,   0% used [0x00000000f1f60000, 0x00000000f1f60000, 0x00000000f21b0000)
  to   space 2368K,   0% used [0x00000000f1d10000, 0x00000000f1d10000, 0x00000000f1f60000)
 tenured generation   total 49620K, used 49619K [0x00000000f5c00000, 0x00000000f8c75000, 0x0000000100000000)
   the space 49620K,  99% used [0x00000000f5c00000, 0x00000000f8c74f90, 0x00000000f8c75000, 0x00000000f8c75000)
 Metaspace       used 33813K, capacity 35160K, committed 35328K, reserved 1079296K
  class space    used 4050K, capacity 4545K, committed 4608K, reserved 1048576K
GC Heap History (79 events):
Event: 0.587 GC heap before
{Heap before GC invocations=0 (full 0):
 def new generation   total 4928K, used 4416K [0x00000000f0a00000, 0x00000000f0f50000, 0x00000000f5c00000)
  eden space 4416K, 100% used [0x00000000f0a00000, 0x00000000f0e50000, 0x00000000f0e50000)
  from space 512K,   0% used [0x00000000f0e50000, 0x00000000f0e50000, 0x00000000f0ed0000)
  to   space 512K,   0% used [0x00000000f0ed0000, 0x00000000f0ed0000, 0x00000000f0f50000)
 tenured generation   total 10944K, used 0K [0x00000000f5c00000, 0x00000000f66b0000, 0x0000000100000000)
   the space 10944K,   0% used [0x00000000f5c00000, 0x00000000f5c00000, 0x00000000f5c00200, 0x00000000f66b0000)
 Metaspace       used 4957K, capacity 5228K, committed 5504K, reserved 1056768K
  class space    used 483K, capacity 536K, committed 640K, reserved 1048576K
Event: 0.590 GC heap after
Heap after GC invocations=1 (full 0):
 def new generation   total 4928K, used 512K [0x00000000f0a00000, 0x00000000f0f50000, 0x00000000f5c00000)
  eden space 4416K,   0% used [0x00000000f0a00000, 0x00000000f0a00000, 0x00000000f0e50000)
  from space 512K, 100% used [0x00000000f0ed0000, 0x00000000f0f50000, 0x00000000f0f50000)
  to   space 512K,   0% used [0x00000000f0e50000, 0x00000000f0e50000, 0x00000000f0ed0000)
 tenured generation   total 10944K, used 827K [0x00000000f5c00000, 0x00000000f66b0000, 0x0000000100000000)
   the space 10944K,   7% used [0x00000000f5c00000, 0x00000000f5ccec88, 0x00000000f5ccee00, 0x00000000f66b0000)
 Metaspace       used 4957K, capacity 5228K, committed 5504K, reserved 1056768K
  class space    used 483K, capacity 536K, committed 640K, reserved 1048576K
}
Event: 0.805 GC heap before
{Heap before GC invocations=1 (full 0):
 def new generation   total 4928K, used 4928K [0x00000000f0a00000, 0x00000000f0f50000, 0x00000000f5c00000)
  eden space 4416K, 100% used [0x00000000f0a00000, 0x00000000f0e50000, 0x00000000f0e50000)
  from space 512K, 100% used [0x00000000f0ed0000, 0x00000000f0f50000, 0x00000000f0f50000)
  to   space 512K,   0% used [0x00000000f0e50000, 0x00000000f0e50000, 0x00000000f0ed0000)
 tenured generation   total 10944K, used 827K [0x00000000f5c00000, 0x00000000f66b0000, 0x0000000100000000)
   the space 10944K,   7% used [0x00000000f5c00000, 0x00000000f5ccec88, 0x00000000f5ccee00, 0x00000000f66b0000)
 Metaspace       used 6001K, capacity 6140K, committed 6400K, reserved 1056768K
  class space    used 607K, capacity 664K, committed 768K, reserved 1048576K
Event: 0.808 GC heap after
Heap after GC invocations=2 (full 0):
 def new generation   total 4928K, used 511K [0x00000000f0a00000, 0x00000000f0f50000, 0x00000000f5c00000)
  eden space 4416K,   0% used [0x00000000f0a00000, 0x00000000f0a00000, 0x00000000f0e50000)
  from space 512K,  99% used [0x00000000f0e50000, 0x00000000f0ecfff8, 0x00000000f0ed0000)
  to   space 512K,   0% used [0x00000000f0ed0000, 0x00000000f0ed0000, 0x00000000f0f50000)
 tenured generation   total 10944K, used 1561K [0x00000000f5c00000, 0x00000000f66b0000, 0x0000000100000000)
   the space 10944K,  14% used [0x00000000f5c00000, 0x00000000f5d865a8, 0x00000000f5d86600, 0x00000000f66b0000)
 Metaspace       used 6001K, capacity 6140K, committed 6400K, reserved 1056768K
  class space    used 607K, capacity 664K, committed 768K, reserved 1048576K
}
Event: 0.977 GC heap before
{Heap before GC invocations=2 (full 0):
 def new generation   total 4928K, used 4927K [0x00000000f0a00000, 0x00000000f0f50000, 0x00000000f5c00000)
  eden space 4416K, 100% used [0x00000000f0a00000, 0x00000000f0e50000, 0x00000000f0e50000)
  from space 512K,  99% used [0x00000000f0e50000, 0x00000000f0ecfff8, 0x00000000f0ed0000)
  to   space 512K,   0% used [0x00000000f0ed0000, 0x00000000f0ed0000, 0x00000000f0f50000)
 tenured generation   total 10944K, used 1561K [0x00000000f5c00000, 0x00000000f66b0000, 0x0000000100000000)
   the space 10944K,  14% used [0x00000000f5c00000, 0x00000000f5d865a8, 0x00000000f5d86600, 0x00000000f66b0000)
 Metaspace       used 6950K, capacity 7100K, committed 7296K, reserved 1056768K
  class space    used 732K, capacity 792K, committed 896K, reserved 1048576K
Event: 0.979 GC heap after
Heap after GC invocations=3 (full 0):
 def new generation   total 4928K, used 512K [0x00000000f0a00000, 0x00000000f0f50000, 0x00000000f5c00000)
  eden space 4416K,   0% used [0x00000000f0a00000, 0x00000000f0a00000, 0x00000000f0e50000)
  from space 512K, 100% used [0x00000000f0ed0000, 0x00000000f0f50000, 0x00000000f0f50000)
  to   space 512K,   0% used [0x00000000f0e50000, 0x00000000f0e50000, 0x00000000f0ed0000)
 tenured generation   total 10944K, used 2042K [0x00000000f5c00000, 0x00000000f66b0000, 0x0000000100000000)
   the space 10944K,  18% used [0x00000000f5c00000, 0x00000000f5dfe818, 0x00000000f5dfea00, 0x00000000f66b0000)
 Metaspace       used 6950K, capacity 7100K, committed 7296K, reserved 1056768K
  class space    used 732K, capacity 792K, committed 896K, reserved 1048576K
}
Event: 1.082 GC heap before
{Heap before GC invocations=3 (full 0):
 def new generation   total 4928K, used 4928K [0x00000000f0a00000, 0x00000000f0f50000, 0x00000000f5c00000)
  eden space 4416K, 100% used [0x00000000f0a00000, 0x00000000f0e50000, 0x00000000f0e50000)
  from space 512K, 100% used [0x00000000f0ed0000, 0x00000000f0f50000, 0x00000000f0f50000)
  to   space 512K,   0% used [0x00000000f0e50000, 0x00000000f0e50000, 0x00000000f0ed0000)
 tenured generation   total 10944K, used 2042K [0x00000000f5c00000, 0x00000000f66b0000, 0x0000000100000000)
   the space 10944K,  18% used [0x00000000f5c00000, 0x00000000f5dfe818, 0x00000000f5dfea00, 0x00000000f66b0000)
 Metaspace       used 7637K, capacity 7772K, committed 7808K, reserved 1056768K
  class space    used 837K, capacity 888K, committed 896K, reserved 1048576K
Event: 1.084 GC heap after
Heap after GC invocations=4 (full 0):
 def new generation   total 4928K, used 512K [0x00000000f0a00000, 0x00000000f0f50000, 0x00000000f5c00000)
  eden space 4416K,   0% used [0x00000000f0a00000, 0x00000000f0a00000, 0x00000000f0e50000)
  from space 512K, 100% used [0x00000000f0e50000, 0x00000000f0ed0000, 0x00000000f0ed0000)
  to   space 512K,   0% used [0x00000000f0ed0000, 0x00000000f0ed0000, 0x00000000f0f50000)
 tenured generation   total 10944K, used 2320K [0x00000000f5c00000, 0x00000000f66b0000, 0x0000000100000000)
   the space 10944K,  21% used [0x00000000f5c00000, 0x00000000f5e44328, 0x00000000f5e44400, 0x00000000f66b0000)
 Metaspace       used 7637K, capacity 7772K, committed 7808K, reserved 1056768K
  class space    used 837K, capacity 888K, committed 896K, reserved 1048576K
}
Event: 1.280 GC heap before
{Heap before GC invocations=4 (full 0):
 def new generation   total 4928K, used 4928K [0x00000000f0a00000, 0x00000000f0f50000, 0x00000000f5c00000)
  eden space 4416K, 100% used [0x00000000f0a00000, 0x00000000f0e50000, 0x00000000f0e50000)
  from space 512K, 100% used [0x00000000f0e50000, 0x00000000f0ed0000, 0x00000000f0ed0000)
  to   space 512K,   0% used [0x00000000f0ed0000, 0x00000000f0ed0000, 0x00000000f0f50000)
 tenured generation   total 10944K, used 2320K [0x00000000f5c00000, 0x00000000f66b0000, 0x0000000100000000)
   the space 10944K,  21% used [0x00000000f5c00000, 0x00000000f5e44328, 0x00000000f5e44400, 0x00000000f66b0000)
 Metaspace       used 8354K, capacity 8476K, committed 8704K, reserved 1056768K
  class space    used 944K, capacity 1016K, committed 1024K, reserved 1048576K
Event: 1.282 GC heap after
Heap after GC invocations=5 (full 0):
 def new generation   total 4928K, used 511K [0x00000000f0a00000, 0x00000000f0f50000, 0x00000000f5c00000)
  eden space 4416K,   0% used [0x00000000f0a00000, 0x00000000f0a00000, 0x00000000f0e50000)
  from space 512K,  99% used [0x00000000f0ed0000, 0x00000000f0f4fff0, 0x00000000f0f50000)
  to   space 512K,   0% used [0x00000000f0e50000, 0x00000000f0e50000, 0x00000000f0ed0000)
 tenured generation   total 10944K, used 2477K [0x00000000f5c00000, 0x00000000f66b0000, 0x0000000100000000)
   the space 10944K,  22% used [0x00000000f5c00000, 0x00000000f5e6b408, 0x00000000f5e6b600, 0x00000000f66b0000)
 Metaspace       used 8354K, capacity 8476K, committed 8704K, reserved 1056768K
  class space    used 944K, capacity 1016K, committed 1024K, reserved 1048576K
}
Event: 1.345 GC heap before
{Heap before GC invocations=5 (full 0):
 def new generation   total 4928K, used 4927K [0x00000000f0a00000, 0x00000000f0f50000, 0x00000000f5c00000)
  eden space 4416K, 100% used [0x00000000f0a00000, 0x00000000f0e50000, 0x00000000f0e50000)
  from space 512K,  99% used [0x00000000f0ed0000, 0x00000000f0f4fff0, 0x00000000f0f50000)
  to   space 512K,   0% used [0x00000000f0e50000, 0x00000000f0e50000, 0x00000000f0ed0000)
 tenured generation   total 10944K, used 2477K [0x00000000f5c00000, 0x00000000f66b0000, 0x0000000100000000)
   the space 10944K,  22% used [0x00000000f5c00000, 0x00000000f5e6b408, 0x00000000f5e6b600, 0x00000000f66b0000)
 Metaspace       used 8454K, capacity 8540K, committed 8704K, reserved 1056768K
  class space    used 965K, capacity 1016K, committed 1024K, reserved 1048576K
Event: 1.347 GC heap after
Heap after GC invocations=6 (full 0):
 def new generation   total 4928K, used 347K [0x00000000f0a00000, 0x00000000f0f50000, 0x00000000f5c00000)
  eden space 4416K,   0% used [0x00000000f0a00000, 0x00000000f0a00000, 0x00000000f0e50000)
  from space 512K,  67% used [0x00000000f0e50000, 0x00000000f0ea6e50, 0x00000000f0ed0000)
  to   space 512K,   0% used [0x00000000f0ed0000, 0x00000000f0ed0000, 0x00000000f0f50000)
 tenured generation   total 10944K, used 2698K [0x00000000f5c00000, 0x00000000f66b0000, 0x0000000100000000)
   the space 10944K,  24% used [0x00000000f5c00000, 0x00000000f5ea2ad8, 0x00000000f5ea2c00, 0x00000000f66b0000)
 Metaspace       used 8454K, capacity 8540K, committed 8704K, reserved 1056768K
  class space    used 965K, capacity 1016K, committed 1024K, reserved 1048576K
}
Event: 1.390 GC heap before
{Heap before GC invocations=6 (full 0):
 def new generation   total 4928K, used 4763K [0x00000000f0a00000, 0x00000000f0f50000, 0x00000000f5c00000)
  eden space 4416K, 100% used [0x00000000f0a00000, 0x00000000f0e50000, 0x00000000f0e50000)
  from space 512K,  67% used [0x00000000f0e50000, 0x00000000f0ea6e50, 0x00000000f0ed0000)
  to   space 512K,   0% used [0x00000000f0ed0000, 0x00000000f0ed0000, 0x00000000f0f50000)
 tenured generation   total 10944K, used 2698K [0x00000000f5c00000, 0x00000000f66b0000, 0x0000000100000000)
   the space 10944K,  24% used [0x00000000f5c00000, 0x00000000f5ea2ad8, 0x00000000f5ea2c00, 0x00000000f66b0000)
 Metaspace       used 8566K, capacity 8700K, committed 8832K, reserved 1056768K
  class space    used 988K, capacity 1048K, committed 1152K, reserved 1048576K
Event: 1.391 GC heap after
Heap after GC invocations=7 (full 0):
 def new generation   total 4928K, used 289K [0x00000000f0a00000, 0x00000000f0f50000, 0x00000000f5c00000)
  eden space 4416K,   0% used [0x00000000f0a00000, 0x00000000f0a00000, 0x00000000f0e50000)
  from space 512K,  56% used [0x00000000f0ed0000, 0x00000000f0f184b8, 0x00000000f0f50000)
  to   space 512K,   0% used [0x00000000f0e50000, 0x00000000f0e50000, 0x00000000f0ed0000)
 tenured generation   total 10944K, used 2883K [0x00000000f5c00000, 0x00000000f66b0000, 0x0000000100000000)
   the space 10944K,  26% used [0x00000000f5c00000, 0x00000000f5ed0c70, 0x00000000f5ed0e00, 0x00000000f66b0000)
 Metaspace       used 8566K, capacity 8700K, committed 8832K, reserved 1056768K
  class space    used 988K, capacity 1048K, committed 1152K, reserved 1048576K
}
Event: 1.522 GC heap before
{Heap before GC invocations=7 (full 0):
 def new generation   total 4928K, used 4685K [0x00000000f0a00000, 0x00000000f0f50000, 0x00000000f5c00000)
  eden space 4416K,  99% used [0x00000000f0a00000, 0x00000000f0e4b328, 0x00000000f0e50000)
  from space 512K,  56% used [0x00000000f0ed0000, 0x00000000f0f184b8, 0x00000000f0f50000)
  to   space 512K,   0% used [0x00000000f0e50000, 0x00000000f0e50000, 0x00000000f0ed0000)
 tenured generation   total 10944K, used 2883K [0x00000000f5c00000, 0x00000000f66b0000, 0x0000000100000000)
   the space 10944K,  26% used [0x00000000f5c00000, 0x00000000f5ed0c70, 0x00000000f5ed0e00, 0x00000000f66b0000)
 Metaspace       used 8884K, capacity 9020K, committed 9088K, reserved 1056768K
  class space    used 1031K, capacity 1112K, committed 1152K, reserved 1048576K
Event: 1.523 GC heap after
Heap after GC invocations=8 (full 0):
 def new generation   total 4928K, used 511K [0x00000000f0a00000, 0x00000000f0f50000, 0x00000000f5c00000)
  eden space 4416K,   0% used [0x00000000f0a00000, 0x00000000f0a00000, 0x00000000f0e50000)
  from space 512K,  99% used [0x00000000f0e50000, 0x00000000f0ecfff8, 0x00000000f0ed0000)
  to   space 512K,   0% used [0x00000000f0ed0000, 0x00000000f0ed0000, 0x00000000f0f50000)
 tenured generation   total 10944K, used 3147K [0x00000000f5c00000, 0x00000000f66b0000, 0x0000000100000000)
   the space 10944K,  28% used [0x00000000f5c00000, 0x00000000f5f12f40, 0x00000000f5f13000, 0x00000000f66b0000)
 Metaspace       used 8884K, capacity 9020K, committed 9088K, reserved 1056768K
  class space    used 1031K, capacity 1112K, committed 1152K, reserved 1048576K
}
Event: 1.619 GC heap before
{Heap before GC invocations=8 (full 0):
 def new generation   total 4928K, used 4927K [0x00000000f0a00000, 0x00000000f0f50000, 0x00000000f5c00000)
  eden space 4416K, 100% used [0x00000000f0a00000, 0x00000000f0e50000, 0x00000000f0e50000)
  from space 512K,  99% used [0x00000000f0e50000, 0x00000000f0ecfff8, 0x00000000f0ed0000)
  to   space 512K,   0% used [0x00000000f0ed0000, 0x00000000f0ed0000, 0x00000000f0f50000)
 tenured generation   total 10944K, used 3147K [0x00000000f5c00000, 0x00000000f66b0000, 0x0000000100000000)
   the space 10944K,  28% used [0x00000000f5c00000, 0x00000000f5f12f40, 0x00000000f5f13000, 0x00000000f66b0000)
 Metaspace       used 9362K, capacity 9506K, committed 9600K, reserved 1058816K
  class space    used 1079K, capacity 1145K, committed 1152K, reserved 1048576K
Event: 1.620 GC heap after
Heap after GC invocations=9 (full 0):
 def new generation   total 4928K, used 511K [0x00000000f0a00000, 0x00000000f0f50000, 0x00000000f5c00000)
  eden space 4416K,   0% used [0x00000000f0a00000, 0x00000000f0a00000, 0x00000000f0e50000)
  from space 512K,  99% used [0x00000000f0ed0000, 0x00000000f0f4fff8, 0x00000000f0f50000)
  to   space 512K,   0% used [0x00000000f0e50000, 0x00000000f0e50000, 0x00000000f0ed0000)
 tenured generation   total 10944K, used 3649K [0x00000000f5c00000, 0x00000000f66b0000, 0x0000000100000000)
   the space 10944K,  33% used [0x00000000f5c00000, 0x00000000f5f90510, 0x00000000f5f90600, 0x00000000f66b0000)
 Metaspace       used 9362K, capacity 9506K, committed 9600K, reserved 1058816K
  class space    used 1079K, capacity 1145K, committed 1152K, reserved 1048576K
}
Event: 1.707 GC heap before
{Heap before GC invocations=9 (full 0):
 def new generation   total 4928K, used 4927K [0x00000000f0a00000, 0x00000000f0f50000, 0x00000000f5c00000)
  eden space 4416K, 100% used [0x00000000f0a00000, 0x00000000f0e50000, 0x00000000f0e50000)
  from space 512K,  99% used [0x00000000f0ed0000, 0x00000000f0f4fff8, 0x00000000f0f50000)
  to   space 512K,   0% used [0x00000000f0e50000, 0x00000000f0e50000, 0x00000000f0ed0000)
 tenured generation   total 10944K, used 3649K [0x00000000f5c00000, 0x00000000f66b0000, 0x0000000100000000)
   the space 10944K,  33% used [0x00000000f5c00000, 0x00000000f5f90510, 0x00000000f5f90600, 0x00000000f66b0000)
 Metaspace       used 9886K, capacity 10030K, committed 10240K, reserved 1058816K
  class space    used 1145K, capacity 1212K, committed 1280K, reserved 1048576K
Event: 1.709 GC heap after
Heap after GC invocations=10 (full 0):
 def new generation   total 4928K, used 511K [0x00000000f0a00000, 0x00000000f0f50000, 0x00000000f5c00000)
  eden space 4416K,   0% used [0x00000000f0a00000, 0x00000000f0a00000, 0x00000000f0e50000)
  from space 512K,  99% used [0x00000000f0e50000, 0x00000000f0ecfff0, 0x00000000f0ed0000)
  to   space 512K,   0% used [0x00000000f0ed0000, 0x00000000f0ed0000, 0x00000000f0f50000)
 tenured generation   total 10944K, used 3845K [0x00000000f5c00000, 0x00000000f66b0000, 0x0000000100000000)
   the space 10944K,  35% used [0x00000000f5c00000, 0x00000000f5fc15f0, 0x00000000f5fc1600, 0x00000000f66b0000)
 Metaspace       used 9886K, capacity 10030K, committed 10240K, reserved 1058816K
  class space    used 1145K, capacity 1212K, committed 1280K, reserved 1048576K
}
Event: 1.793 GC heap before
{Heap before GC invocations=10 (full 0):
 def new generation   total 4928K, used 4927K [0x00000000f0a00000, 0x00000000f0f50000, 0x00000000f5c00000)
  eden space 4416K, 100% used [0x00000000f0a00000, 0x00000000f0e50000, 0x00000000f0e50000)
  from space 512K,  99% used [0x00000000f0e50000, 0x00000000f0ecfff0, 0x00000000f0ed0000)
  to   space 512K,   0% used [0x00000000f0ed0000, 0x00000000f0ed0000, 0x00000000f0f50000)
 tenured generation   total 10944K, used 3845K [0x00000000f5c00000, 0x00000000f66b0000, 0x0000000100000000)
   the space 10944K,  35% used [0x00000000f5c00000, 0x00000000f5fc15f0, 0x00000000f5fc1600, 0x00000000f66b0000)
 Metaspace       used 10549K, capacity 10678K, committed 10752K, reserved 1058816K
  class space    used 1221K, capacity 1279K, committed 1280K, reserved 1048576K
Event: 1.795 GC heap after
Heap after GC invocations=11 (full 0):
 def new generation   total 4928K, used 512K [0x00000000f0a00000, 0x00000000f0f50000, 0x00000000f5c00000)
  eden space 4416K,   0% used [0x00000000f0a00000, 0x00000000f0a00000, 0x00000000f0e50000)
  from space 512K, 100% used [0x00000000f0ed0000, 0x00000000f0f50000, 0x00000000f0f50000)
  to   space 512K,   0% used [0x00000000f0e50000, 0x00000000f0e50000, 0x00000000f0ed0000)
 tenured generation   total 10944K, used 4151K [0x00000000f5c00000, 0x00000000f66b0000, 0x0000000100000000)
   the space 10944K,  37% used [0x00000000f5c00000, 0x00000000f600dea8, 0x00000000f600e000, 0x00000000f66b0000)
 Metaspace       used 10549K, capacity 10678K, committed 10752K, reserved 1058816K
  class space    used 1221K, capacity 1279K, committed 1280K, reserved 1048576K
}
Event: 1.857 GC heap before
{Heap before GC invocations=11 (full 0):
 def new generation   total 4928K, used 4928K [0x00000000f0a00000, 0x00000000f0f50000, 0x00000000f5c00000)
  eden space 4416K, 100% used [0x00000000f0a00000, 0x00000000f0e50000, 0x00000000f0e50000)
  from space 512K, 100% used [0x00000000f0ed0000, 0x00000000f0f50000, 0x00000000f0f50000)
  to   space 512K,   0% used [0x00000000f0e50000, 0x00000000f0e50000, 0x00000000f0ed0000)
 tenured generation   total 10944K, used 4151K [0x00000000f5c00000, 0x00000000f66b0000, 0x0000000100000000)
   the space 10944K,  37% used [0x00000000f5c00000, 0x00000000f600dea8, 0x00000000f600e000, 0x00000000f66b0000)
 Metaspace       used 11037K, capacity 11166K, committed 11392K, reserved 1058816K
  class space    used 1287K, capacity 1379K, committed 1408K, reserved 1048576K
Event: 1.859 GC heap after
Heap after GC invocations=12 (full 0):
 def new generation   total 4928K, used 512K [0x00000000f0a00000, 0x00000000f0f50000, 0x00000000f5c00000)
  eden space 4416K,   0% used [0x00000000f0a00000, 0x00000000f0a00000, 0x00000000f0e50000)
  from space 512K, 100% used [0x00000000f0e50000, 0x00000000f0ed0000, 0x00000000f0ed0000)
  to   space 512K,   0% used [0x00000000f0ed0000, 0x00000000f0ed0000, 0x00000000f0f50000)
 tenured generation   total 10944K, used 4487K [0x00000000f5c00000, 0x00000000f66b0000, 0x0000000100000000)
   the space 10944K,  41% used [0x00000000f5c00000, 0x00000000f6061dc0, 0x00000000f6061e00, 0x00000000f66b0000)
 Metaspace       used 11037K, capacity 11166K, committed 11392K, reserved 1058816K
  class space    used 1287K, capacity 1379K, committed 1408K, reserved 1048576K
}
Event: 1.935 GC heap before
{Heap before GC invocations=12 (full 0):
 def new generation   total 4928K, used 4928K [0x00000000f0a00000, 0x00000000f0f50000, 0x00000000f5c00000)
  eden space 4416K, 100% used [0x00000000f0a00000, 0x00000000f0e50000, 0x00000000f0e50000)
  from space 512K, 100% used [0x00000000f0e50000, 0x00000000f0ed0000, 0x00000000f0ed0000)
  to   space 512K,   0% used [0x00000000f0ed0000, 0x00000000f0ed0000, 0x00000000f0f50000)
 tenured generation   total 10944K, used 4487K [0x00000000f5c00000, 0x00000000f66b0000, 0x0000000100000000)
   the space 10944K,  41% used [0x00000000f5c00000, 0x00000000f6061dc0, 0x00000000f6061e00, 0x00000000f66b0000)
 Metaspace       used 11546K, capacity 11742K, committed 12032K, reserved 1060864K
  class space    used 1357K, capacity 1443K, committed 1536K, reserved 1048576K
Event: 1.936 GC heap after
Heap after GC invocations=13 (full 0):
 def new generation   total 4928K, used 512K [0x00000000f0a00000, 0x00000000f0f50000, 0x00000000f5c00000)
  eden space 4416K,   0% used [0x00000000f0a00000, 0x00000000f0a00000, 0x00000000f0e50000)
  from space 512K, 100% used [0x00000000f0ed0000, 0x00000000f0f50000, 0x00000000f0f50000)
  to   space 512K,   0% used [0x00000000f0e50000, 0x00000000f0e50000, 0x00000000f0ed0000)
 tenured generation   total 10944K, used 4870K [0x00000000f5c00000, 0x00000000f66b0000, 0x0000000100000000)
   the space 10944K,  44% used [0x00000000f5c00000, 0x00000000f60c1bf8, 0x00000000f60c1c00, 0x00000000f66b0000)
 Metaspace       used 11546K, capacity 11742K, committed 12032K, reserved 1060864K
  class space    used 1357K, capacity 1443K, committed 1536K, reserved 1048576K
}
Event: 2.039 GC heap before
{Heap before GC invocations=13 (full 0):
 def new generation   total 4928K, used 4928K [0x00000000f0a00000, 0x00000000f0f50000, 0x00000000f5c00000)
  eden space 4416K, 100% used [0x00000000f0a00000, 0x00000000f0e50000, 0x00000000f0e50000)
  from space 512K, 100% used [0x00000000f0ed0000, 0x00000000f0f50000, 0x00000000f0f50000)
  to   space 512K,   0% used [0x00000000f0e50000, 0x00000000f0e50000, 0x00000000f0ed0000)
 tenured generation   total 10944K, used 4870K [0x00000000f5c00000, 0x00000000f66b0000, 0x0000000100000000)
   the space 10944K,  44% used [0x00000000f5c00000, 0x00000000f60c1bf8, 0x00000000f60c1c00, 0x00000000f66b0000)
 Metaspace       used 12024K, capacity 12194K, committed 12288K, reserved 1060864K
  class space    used 1426K, capacity 1507K, committed 1536K, reserved 1048576K
Event: 2.041 GC heap after
Heap after GC invocations=14 (full 0):
 def new generation   total 4928K, used 511K [0x00000000f0a00000, 0x00000000f0f50000, 0x00000000f5c00000)
  eden space 4416K,   0% used [0x00000000f0a00000, 0x00000000f0a00000, 0x00000000f0e50000)
  from space 512K,  99% used [0x00000000f0e50000, 0x00000000f0ecfff8, 0x00000000f0ed0000)
  to   space 512K,   0% used [0x00000000f0ed0000, 0x00000000f0ed0000, 0x00000000f0f50000)
 tenured generation   total 10944K, used 5242K [0x00000000f5c00000, 0x00000000f66b0000, 0x0000000100000000)
   the space 10944K,  47% used [0x00000000f5c00000, 0x00000000f611eb70, 0x00000000f611ec00, 0x00000000f66b0000)
 Metaspace       used 12024K, capacity 12194K, committed 12288K, reserved 1060864K
  class space    used 1426K, capacity 1507K, committed 1536K, reserved 1048576K
}
Event: 2.129 GC heap before
{Heap before GC invocations=14 (full 0):
 def new generation   total 4928K, used 4927K [0x00000000f0a00000, 0x00000000f0f50000, 0x00000000f5c00000)
  eden space 4416K, 100% used [0x00000000f0a00000, 0x00000000f0e50000, 0x00000000f0e50000)
  from space 512K,  99% used [0x00000000f0e50000, 0x00000000f0ecfff8, 0x00000000f0ed0000)
  to   space 512K,   0% used [0x00000000f0ed0000, 0x00000000f0ed0000, 0x00000000f0f50000)
 tenured generation   total 10944K, used 5242K [0x00000000f5c00000, 0x00000000f66b0000, 0x0000000100000000)
   the space 10944K,  47% used [0x00000000f5c00000, 0x00000000f611eb70, 0x00000000f611ec00, 0x00000000f66b0000)
 Metaspace       used 12468K, capacity 12584K, committed 12928K, reserved 1060864K
  class space    used 1492K, capacity 1572K, committed 1664K, reserved 1048576K
Event: 2.132 GC heap after
Heap after GC invocations=15 (full 0):
 def new generation   total 4928K, used 512K [0x00000000f0a00000, 0x00000000f0f50000, 0x00000000f5c00000)
  eden space 4416K,   0% used [0x00000000f0a00000, 0x00000000f0a00000, 0x00000000f0e50000)
  from space 512K, 100% used [0x00000000f0ed0000, 0x00000000f0f50000, 0x00000000f0f50000)
  to   space 512K,   0% used [0x00000000f0e50000, 0x00000000f0e50000, 0x00000000f0ed0000)
 tenured generation   total 10944K, used 5658K [0x00000000f5c00000, 0x00000000f66b0000, 0x0000000100000000)
   the space 10944K,  51% used [0x00000000f5c00000, 0x00000000f6186b18, 0x00000000f6186c00, 0x00000000f66b0000)
 Metaspace       used 12468K, capacity 12584K, committed 12928K, reserved 1060864K
  class space    used 1492K, capacity 1572K, committed 1664K, reserved 1048576K
}
Event: 2.280 GC heap before
{Heap before GC invocations=15 (full 0):
 def new generation   total 4928K, used 4928K [0x00000000f0a00000, 0x00000000f0f50000, 0x00000000f5c00000)
  eden space 4416K, 100% used [0x00000000f0a00000, 0x00000000f0e50000, 0x00000000f0e50000)
  from space 512K, 100% used [0x00000000f0ed0000, 0x00000000f0f50000, 0x00000000f0f50000)
  to   space 512K,   0% used [0x00000000f0e50000, 0x00000000f0e50000, 0x00000000f0ed0000)
 tenured generation   total 10944K, used 5658K [0x00000000f5c00000, 0x00000000f66b0000, 0x0000000100000000)
   the space 10944K,  51% used [0x00000000f5c00000, 0x00000000f6186b18, 0x00000000f6186c00, 0x00000000f66b0000)
 Metaspace       used 12965K, capacity 13134K, committed 13312K, reserved 1060864K
  class space    used 1567K, capacity 1669K, committed 1792K, reserved 1048576K
Event: 2.283 GC heap after
Heap after GC invocations=16 (full 0):
 def new generation   total 4928K, used 511K [0x00000000f0a00000, 0x00000000f0f50000, 0x00000000f5c00000)
  eden space 4416K,   0% used [0x00000000f0a00000, 0x00000000f0a00000, 0x00000000f0e50000)
  from space 512K,  99% used [0x00000000f0e50000, 0x00000000f0ecfff0, 0x00000000f0ed0000)
  to   space 512K,   0% used [0x00000000f0ed0000, 0x00000000f0ed0000, 0x00000000f0f50000)
 tenured generation   total 10944K, used 6146K [0x00000000f5c00000, 0x00000000f66b0000, 0x0000000100000000)
   the space 10944K,  56% used [0x00000000f5c00000, 0x00000000f6200860, 0x00000000f6200a00, 0x00000000f66b0000)
 Metaspace       used 12965K, capacity 13134K, committed 13312K, reserved 1060864K
  class space    used 1567K, capacity 1669K, committed 1792K, reserved 1048576K
}
Event: 2.523 GC heap before
{Heap before GC invocations=16 (full 0):
 def new generation   total 4928K, used 4927K [0x00000000f0a00000, 0x00000000f0f50000, 0x00000000f5c00000)
  eden space 4416K, 100% used [0x00000000f0a00000, 0x00000000f0e50000, 0x00000000f0e50000)
  from space 512K,  99% used [0x00000000f0e50000, 0x00000000f0ecfff0, 0x00000000f0ed0000)
  to   space 512K,   0% used [0x00000000f0ed0000, 0x00000000f0ed0000, 0x00000000f0f50000)
 tenured generation   total 10944K, used 6146K [0x00000000f5c00000, 0x00000000f66b0000, 0x0000000100000000)
   the space 10944K,  56% used [0x00000000f5c00000, 0x00000000f6200860, 0x00000000f6200a00, 0x00000000f66b0000)
 Metaspace       used 13830K, capacity 14034K, committed 14080K, reserved 1060864K
  class space    used 1662K, capacity 1771K, committed 1792K, reserved 1048576K
Event: 2.526 GC heap after
Heap after GC invocations=17 (full 0):
 def new generation   total 4928K, used 512K [0x00000000f0a00000, 0x00000000f0f50000, 0x00000000f5c00000)
  eden space 4416K,   0% used [0x00000000f0a00000, 0x00000000f0a00000, 0x00000000f0e50000)
  from space 512K, 100% used [0x00000000f0ed0000, 0x00000000f0f50000, 0x00000000f0f50000)
  to   space 512K,   0% used [0x00000000f0e50000, 0x00000000f0e50000, 0x00000000f0ed0000)
 tenured generation   total 10944K, used 6615K [0x00000000f5c00000, 0x00000000f66b0000, 0x0000000100000000)
   the space 10944K,  60% used [0x00000000f5c00000, 0x00000000f6275c28, 0x00000000f6275e00, 0x00000000f66b0000)
 Metaspace       used 13830K, capacity 14034K, committed 14080K, reserved 1060864K
  class space    used 1662K, capacity 1771K, committed 1792K, reserved 1048576K
}
Event: 2.680 GC heap before
{Heap before GC invocations=17 (full 0):
 def new generation   total 4928K, used 4928K [0x00000000f0a00000, 0x00000000f0f50000, 0x00000000f5c00000)
  eden space 4416K, 100% used [0x00000000f0a00000, 0x00000000f0e50000, 0x00000000f0e50000)
  from space 512K, 100% used [0x00000000f0ed0000, 0x00000000f0f50000, 0x00000000f0f50000)
  to   space 512K,   0% used [0x00000000f0e50000, 0x00000000f0e50000, 0x00000000f0ed0000)
 tenured generation   total 10944K, used 6615K [0x00000000f5c00000, 0x00000000f66b0000, 0x0000000100000000)
   the space 10944K,  60% used [0x00000000f5c00000, 0x00000000f6275c28, 0x00000000f6275e00, 0x00000000f66b0000)
 Metaspace       used 14441K, capacity 14634K, committed 14720K, reserved 1062912K
  class space    used 1731K, capacity 1839K, committed 1920K, reserved 1048576K
Event: 2.683 GC heap after
Heap after GC invocations=18 (full 0):
 def new generation   total 4928K, used 511K [0x00000000f0a00000, 0x00000000f0f50000, 0x00000000f5c00000)
  eden space 4416K,   0% used [0x00000000f0a00000, 0x00000000f0a00000, 0x00000000f0e50000)
  from space 512K,  99% used [0x00000000f0e50000, 0x00000000f0ecfff0, 0x00000000f0ed0000)
  to   space 512K,   0% used [0x00000000f0ed0000, 0x00000000f0ed0000, 0x00000000f0f50000)
 tenured generation   total 10944K, used 7107K [0x00000000f5c00000, 0x00000000f66b0000, 0x0000000100000000)
   the space 10944K,  64% used [0x00000000f5c00000, 0x00000000f62f0df8, 0x00000000f62f0e00, 0x00000000f66b0000)
 Metaspace       used 14441K, capacity 14634K, committed 14720K, reserved 1062912K
  class space    used 1731K, capacity 1839K, committed 1920K, reserved 1048576K
}
Event: 2.865 GC heap before
{Heap before GC invocations=18 (full 0):
 def new generation   total 4928K, used 4927K [0x00000000f0a00000, 0x00000000f0f50000, 0x00000000f5c00000)
  eden space 4416K, 100% used [0x00000000f0a00000, 0x00000000f0e50000, 0x00000000f0e50000)
  from space 512K,  99% used [0x00000000f0e50000, 0x00000000f0ecfff0, 0x00000000f0ed0000)
  to   space 512K,   0% used [0x00000000f0ed0000, 0x00000000f0ed0000, 0x00000000f0f50000)
 tenured generation   total 10944K, used 7107K [0x00000000f5c00000, 0x00000000f66b0000, 0x0000000100000000)
   the space 10944K,  64% used [0x00000000f5c00000, 0x00000000f62f0df8, 0x00000000f62f0e00, 0x00000000f66b0000)
 Metaspace       used 15349K, capacity 15530K, committed 15744K, reserved 1062912K
  class space    used 1818K, capacity 1903K, committed 1920K, reserved 1048576K
Event: 2.868 GC heap after
Heap after GC invocations=19 (full 0):
 def new generation   total 4928K, used 511K [0x00000000f0a00000, 0x00000000f0f50000, 0x00000000f5c00000)
  eden space 4416K,   0% used [0x00000000f0a00000, 0x00000000f0a00000, 0x00000000f0e50000)
  from space 512K,  99% used [0x00000000f0ed0000, 0x00000000f0f4fff8, 0x00000000f0f50000)
  to   space 512K,   0% used [0x00000000f0e50000, 0x00000000f0e50000, 0x00000000f0ed0000)
 tenured generation   total 10944K, used 7426K [0x00000000f5c00000, 0x00000000f66b0000, 0x0000000100000000)
   the space 10944K,  67% used [0x00000000f5c00000, 0x00000000f6340b10, 0x00000000f6340c00, 0x00000000f66b0000)
 Metaspace       used 15349K, capacity 15530K, committed 15744K, reserved 1062912K
  class space    used 1818K, capacity 1903K, committed 1920K, reserved 1048576K
}
Event: 3.087 GC heap before
{Heap before GC invocations=19 (full 0):
 def new generation   total 4928K, used 4927K [0x00000000f0a00000, 0x00000000f0f50000, 0x00000000f5c00000)
  eden space 4416K, 100% used [0x00000000f0a00000, 0x00000000f0e50000, 0x00000000f0e50000)
  from space 512K,  99% used [0x00000000f0ed0000, 0x00000000f0f4fff8, 0x00000000f0f50000)
  to   space 512K,   0% used [0x00000000f0e50000, 0x00000000f0e50000, 0x00000000f0ed0000)
 tenured generation   total 10944K, used 7426K [0x00000000f5c00000, 0x00000000f66b0000, 0x0000000100000000)
   the space 10944K,  67% used [0x00000000f5c00000, 0x00000000f6340b10, 0x00000000f6340c00, 0x00000000f66b0000)
 Metaspace       used 15543K, capacity 15696K, committed 15872K, reserved 1062912K
  class space    used 1835K, capacity 1936K, committed 2048K, reserved 1048576K
Event: 3.090 GC heap after
Heap after GC invocations=20 (full 0):
 def new generation   total 4928K, used 512K [0x00000000f0a00000, 0x00000000f0f50000, 0x00000000f5c00000)
  eden space 4416K,   0% used [0x00000000f0a00000, 0x00000000f0a00000, 0x00000000f0e50000)
  from space 512K, 100% used [0x00000000f0e50000, 0x00000000f0ed0000, 0x00000000f0ed0000)
  to   space 512K,   0% used [0x00000000f0ed0000, 0x00000000f0ed0000, 0x00000000f0f50000)
 tenured generation   total 10944K, used 7710K [0x00000000f5c00000, 0x00000000f66b0000, 0x0000000100000000)
   the space 10944K,  70% used [0x00000000f5c00000, 0x00000000f6387a70, 0x00000000f6387c00, 0x00000000f66b0000)
 Metaspace       used 15543K, capacity 15696K, committed 15872K, reserved 1062912K
  class space    used 1835K, capacity 1936K, committed 2048K, reserved 1048576K
}
Event: 3.188 GC heap before
{Heap before GC invocations=20 (full 0):
 def new generation   total 4928K, used 4928K [0x00000000f0a00000, 0x00000000f0f50000, 0x00000000f5c00000)
  eden space 4416K, 100% used [0x00000000f0a00000, 0x00000000f0e50000, 0x00000000f0e50000)
  from space 512K, 100% used [0x00000000f0e50000, 0x00000000f0ed0000, 0x00000000f0ed0000)
  to   space 512K,   0% used [0x00000000f0ed0000, 0x00000000f0ed0000, 0x00000000f0f50000)
 tenured generation   total 10944K, used 7710K [0x00000000f5c00000, 0x00000000f66b0000, 0x0000000100000000)
   the space 10944K,  70% used [0x00000000f5c00000, 0x00000000f6387a70, 0x00000000f6387c00, 0x00000000f66b0000)
 Metaspace       used 15600K, capacity 15778K, committed 16128K, reserved 1062912K
  class space    used 1837K, capacity 1939K, committed 2048K, reserved 1048576K
Event: 3.190 GC heap after
Heap after GC invocations=21 (full 0):
 def new generation   total 4928K, used 512K [0x00000000f0a00000, 0x00000000f0f50000, 0x00000000f5c00000)
  eden space 4416K,   0% used [0x00000000f0a00000, 0x00000000f0a00000, 0x00000000f0e50000)
  from space 512K, 100% used [0x00000000f0ed0000, 0x00000000f0f50000, 0x00000000f0f50000)
  to   space 512K,   0% used [0x00000000f0e50000, 0x00000000f0e50000, 0x00000000f0ed0000)
 tenured generation   total 10944K, used 8242K [0x00000000f5c00000, 0x00000000f66b0000, 0x0000000100000000)
   the space 10944K,  75% used [0x00000000f5c00000, 0x00000000f640c888, 0x00000000f640ca00, 0x00000000f66b0000)
 Metaspace       used 15600K, capacity 15778K, committed 16128K, reserved 1062912K
  class space    used 1837K, capacity 1939K, committed 2048K, reserved 1048576K
}
Event: 3.264 GC heap before
{Heap before GC invocations=21 (full 0):
 def new generation   total 4928K, used 4928K [0x00000000f0a00000, 0x00000000f0f50000, 0x00000000f5c00000)
  eden space 4416K, 100% used [0x00000000f0a00000, 0x00000000f0e50000, 0x00000000f0e50000)
  from space 512K, 100% used [0x00000000f0ed0000, 0x00000000f0f50000, 0x00000000f0f50000)
  to   space 512K,   0% used [0x00000000f0e50000, 0x00000000f0e50000, 0x00000000f0ed0000)
 tenured generation   total 10944K, used 8242K [0x00000000f5c00000, 0x00000000f66b0000, 0x0000000100000000)
   the space 10944K,  75% used [0x00000000f5c00000, 0x00000000f640c888, 0x00000000f640ca00, 0x00000000f66b0000)
 Metaspace       used 15631K, capacity 15848K, committed 16128K, reserved 1062912K
  class space    used 1838K, capacity 1940K, committed 2048K, reserved 1048576K
Event: 3.266 GC heap after
Heap after GC invocations=22 (full 0):
 def new generation   total 4928K, used 485K [0x00000000f0a00000, 0x00000000f0f50000, 0x00000000f5c00000)
  eden space 4416K,   0% used [0x00000000f0a00000, 0x00000000f0a00000, 0x00000000f0e50000)
  from space 512K,  94% used [0x00000000f0e50000, 0x00000000f0ec9428, 0x00000000f0ed0000)
  to   space 512K,   0% used [0x00000000f0ed0000, 0x00000000f0ed0000, 0x00000000f0f50000)
 tenured generation   total 10944K, used 8645K [0x00000000f5c00000, 0x00000000f66b0000, 0x0000000100000000)
   the space 10944K,  79% used [0x00000000f5c00000, 0x00000000f64717c0, 0x00000000f6471800, 0x00000000f66b0000)
 Metaspace       used 15631K, capacity 15848K, committed 16128K, reserved 1062912K
  class space    used 1838K, capacity 1940K, committed 2048K, reserved 1048576K
}
Event: 3.336 GC heap before
{Heap before GC invocations=22 (full 0):
 def new generation   total 4928K, used 4901K [0x00000000f0a00000, 0x00000000f0f50000, 0x00000000f5c00000)
  eden space 4416K, 100% used [0x00000000f0a00000, 0x00000000f0e50000, 0x00000000f0e50000)
  from space 512K,  94% used [0x00000000f0e50000, 0x00000000f0ec9428, 0x00000000f0ed0000)
  to   space 512K,   0% used [0x00000000f0ed0000, 0x00000000f0ed0000, 0x00000000f0f50000)
 tenured generation   total 10944K, used 8645K [0x00000000f5c00000, 0x00000000f66b0000, 0x0000000100000000)
   the space 10944K,  79% used [0x00000000f5c00000, 0x00000000f64717c0, 0x00000000f6471800, 0x00000000f66b0000)
 Metaspace       used 15662K, capacity 15912K, committed 16128K, reserved 1062912K
  class space    used 1838K, capacity 1940K, committed 2048K, reserved 1048576K
Event: 3.338 GC heap after
Heap after GC invocations=23 (full 0):
 def new generation   total 4928K, used 512K [0x00000000f0a00000, 0x00000000f0f50000, 0x00000000f5c00000)
  eden space 4416K,   0% used [0x00000000f0a00000, 0x00000000f0a00000, 0x00000000f0e50000)
  from space 512K, 100% used [0x00000000f0ed0000, 0x00000000f0f50000, 0x00000000f0f50000)
  to   space 512K,   0% used [0x00000000f0e50000, 0x00000000f0e50000, 0x00000000f0ed0000)
 tenured generation   total 10944K, used 9056K [0x00000000f5c00000, 0x00000000f66b0000, 0x0000000100000000)
   the space 10944K,  82% used [0x00000000f5c00000, 0x00000000f64d8170, 0x00000000f64d8200, 0x00000000f66b0000)
 Metaspace       used 15662K, capacity 15912K, committed 16128K, reserved 1062912K
  class space    used 1838K, capacity 1940K, committed 2048K, reserved 1048576K
}
Event: 3.384 GC heap before
{Heap before GC invocations=23 (full 0):
 def new generation   total 4928K, used 4928K [0x00000000f0a00000, 0x00000000f0f50000, 0x00000000f5c00000)
  eden space 4416K, 100% used [0x00000000f0a00000, 0x00000000f0e50000, 0x00000000f0e50000)
  from space 512K, 100% used [0x00000000f0ed0000, 0x00000000f0f50000, 0x00000000f0f50000)
  to   space 512K,   0% used [0x00000000f0e50000, 0x00000000f0e50000, 0x00000000f0ed0000)
 tenured generation   total 10944K, used 9056K [0x00000000f5c00000, 0x00000000f66b0000, 0x0000000100000000)
   the space 10944K,  82% used [0x00000000f5c00000, 0x00000000f64d8170, 0x00000000f64d8200, 0x00000000f66b0000)
 Metaspace       used 15676K, capacity 15912K, committed 16128K, reserved 1062912K
  class space    used 1838K, capacity 1940K, committed 2048K, reserved 1048576K
Event: 3.387 GC heap after
Heap after GC invocations=24 (full 0):
 def new generation   total 4928K, used 512K [0x00000000f0a00000, 0x00000000f0f50000, 0x00000000f5c00000)
  eden space 4416K,   0% used [0x00000000f0a00000, 0x00000000f0a00000, 0x00000000f0e50000)
  from space 512K, 100% used [0x00000000f0e50000, 0x00000000f0ed0000, 0x00000000f0ed0000)
  to   space 512K,   0% used [0x00000000f0ed0000, 0x00000000f0ed0000, 0x00000000f0f50000)
 tenured generation   total 10944K, used 10141K [0x00000000f5c00000, 0x00000000f66b0000, 0x0000000100000000)
   the space 10944K,  92% used [0x00000000f5c00000, 0x00000000f65e7740, 0x00000000f65e7800, 0x00000000f66b0000)
 Metaspace       used 15676K, capacity 15912K, committed 16128K, reserved 1062912K
  class space    used 1838K, capacity 1940K, committed 2048K, reserved 1048576K
}
Event: 3.433 GC heap before
{Heap before GC invocations=24 (full 0):
 def new generation   total 4928K, used 4928K [0x00000000f0a00000, 0x00000000f0f50000, 0x00000000f5c00000)
  eden space 4416K, 100% used [0x00000000f0a00000, 0x00000000f0e50000, 0x00000000f0e50000)
  from space 512K, 100% used [0x00000000f0e50000, 0x00000000f0ed0000, 0x00000000f0ed0000)
  to   space 512K,   0% used [0x00000000f0ed0000, 0x00000000f0ed0000, 0x00000000f0f50000)
 tenured generation   total 10944K, used 10141K [0x00000000f5c00000, 0x00000000f66b0000, 0x0000000100000000)
   the space 10944K,  92% used [0x00000000f5c00000, 0x00000000f65e7740, 0x00000000f65e7800, 0x00000000f66b0000)
 Metaspace       used 15698K, capacity 15912K, committed 16128K, reserved 1062912K
  class space    used 1838K, capacity 1940K, committed 2048K, reserved 1048576K
Event: 3.459 GC heap after
Heap after GC invocations=25 (full 1):
 def new generation   total 6336K, used 0K [0x00000000f0a00000, 0x00000000f10d0000, 0x00000000f5c00000)
  eden space 5696K,   0% used [0x00000000f0a00000, 0x00000000f0a00000, 0x00000000f0f90000)
  from space 640K,   0% used [0x00000000f0f90000, 0x00000000f0f90000, 0x00000000f1030000)
  to   space 640K,   0% used [0x00000000f1030000, 0x00000000f1030000, 0x00000000f10d0000)
 tenured generation   total 13840K, used 8302K [0x00000000f5c00000, 0x00000000f6984000, 0x0000000100000000)
   the space 13840K,  59% used [0x00000000f5c00000, 0x00000000f641b9a8, 0x00000000f641ba00, 0x00000000f6984000)
 Metaspace       used 15698K, capacity 15912K, committed 16128K, reserved 1062912K
  class space    used 1838K, capacity 1940K, committed 2048K, reserved 1048576K
}
Event: 3.604 GC heap before
{Heap before GC invocations=25 (full 1):
 def new generation   total 6336K, used 5696K [0x00000000f0a00000, 0x00000000f10d0000, 0x00000000f5c00000)
  eden space 5696K, 100% used [0x00000000f0a00000, 0x00000000f0f90000, 0x00000000f0f90000)
  from space 640K,   0% used [0x00000000f0f90000, 0x00000000f0f90000, 0x00000000f1030000)
  to   space 640K,   0% used [0x00000000f1030000, 0x00000000f1030000, 0x00000000f10d0000)
 tenured generation   total 13840K, used 8302K [0x00000000f5c00000, 0x00000000f6984000, 0x0000000100000000)
   the space 13840K,  59% used [0x00000000f5c00000, 0x00000000f641b9a8, 0x00000000f641ba00, 0x00000000f6984000)
 Metaspace       used 16041K, capacity 16264K, committed 16384K, reserved 1062912K
  class space    used 1874K, capacity 1972K, committed 2048K, reserved 1048576K
Event: 3.608 GC heap after
Heap after GC invocations=26 (full 1):
 def new generation   total 6336K, used 640K [0x00000000f0a00000, 0x00000000f10d0000, 0x00000000f5c00000)
  eden space 5696K,   0% used [0x00000000f0a00000, 0x00000000f0a00000, 0x00000000f0f90000)
  from space 640K, 100% used [0x00000000f1030000, 0x00000000f10d0000, 0x00000000f10d0000)
  to   space 640K,   0% used [0x00000000f0f90000, 0x00000000f0f90000, 0x00000000f1030000)
 tenured generation   total 13840K, used 8791K [0x00000000f5c00000, 0x00000000f6984000, 0x0000000100000000)
   the space 13840K,  63% used [0x00000000f5c00000, 0x00000000f6495d10, 0x00000000f6495e00, 0x00000000f6984000)
 Metaspace       used 16041K, capacity 16264K, committed 16384K, reserved 1062912K
  class space    used 1874K, capacity 1972K, committed 2048K, reserved 1048576K
}
Event: 3.764 GC heap before
{Heap before GC invocations=26 (full 1):
 def new generation   total 6336K, used 6336K [0x00000000f0a00000, 0x00000000f10d0000, 0x00000000f5c00000)
  eden space 5696K, 100% used [0x00000000f0a00000, 0x00000000f0f90000, 0x00000000f0f90000)
  from space 640K, 100% used [0x00000000f1030000, 0x00000000f10d0000, 0x00000000f10d0000)
  to   space 640K,   0% used [0x00000000f0f90000, 0x00000000f0f90000, 0x00000000f1030000)
 tenured generation   total 13840K, used 8791K [0x00000000f5c00000, 0x00000000f6984000, 0x0000000100000000)
   the space 13840K,  63% used [0x00000000f5c00000, 0x00000000f6495d10, 0x00000000f6495e00, 0x00000000f6984000)
 Metaspace       used 16238K, capacity 16474K, committed 16640K, reserved 1064960K
  class space    used 1896K, capacity 1974K, committed 2048K, reserved 1048576K
Event: 3.767 GC heap after
Heap after GC invocations=27 (full 1):
 def new generation   total 6336K, used 490K [0x00000000f0a00000, 0x00000000f10d0000, 0x00000000f5c00000)
  eden space 5696K,   0% used [0x00000000f0a00000, 0x00000000f0a00000, 0x00000000f0f90000)
  from space 640K,  76% used [0x00000000f0f90000, 0x00000000f100ab30, 0x00000000f1030000)
  to   space 640K,   0% used [0x00000000f1030000, 0x00000000f1030000, 0x00000000f10d0000)
 tenured generation   total 13840K, used 9411K [0x00000000f5c00000, 0x00000000f6984000, 0x0000000100000000)
   the space 13840K,  67% used [0x00000000f5c00000, 0x00000000f6530c08, 0x00000000f6530e00, 0x00000000f6984000)
 Metaspace       used 16238K, capacity 16474K, committed 16640K, reserved 1064960K
  class space    used 1896K, capacity 1974K, committed 2048K, reserved 1048576K
}
Event: 4.039 GC heap before
{Heap before GC invocations=27 (full 1):
 def new generation   total 6336K, used 6186K [0x00000000f0a00000, 0x00000000f10d0000, 0x00000000f5c00000)
  eden space 5696K, 100% used [0x00000000f0a00000, 0x00000000f0f90000, 0x00000000f0f90000)
  from space 640K,  76% used [0x00000000f0f90000, 0x00000000f100ab30, 0x00000000f1030000)
  to   space 640K,   0% used [0x00000000f1030000, 0x00000000f1030000, 0x00000000f10d0000)
 tenured generation   total 13840K, used 9411K [0x00000000f5c00000, 0x00000000f6984000, 0x0000000100000000)
   the space 13840K,  67% used [0x00000000f5c00000, 0x00000000f6530c08, 0x00000000f6530e00, 0x00000000f6984000)
 Metaspace       used 17767K, capacity 18134K, committed 18432K, reserved 1064960K
  class space    used 2064K, capacity 2182K, committed 2304K, reserved 1048576K
Event: 4.043 GC heap after
Heap after GC invocations=28 (full 1):
 def new generation   total 6336K, used 639K [0x00000000f0a00000, 0x00000000f10d0000, 0x00000000f5c00000)
  eden space 5696K,   0% used [0x00000000f0a00000, 0x00000000f0a00000, 0x00000000f0f90000)
  from space 640K,  99% used [0x00000000f1030000, 0x00000000f10cfff8, 0x00000000f10d0000)
  to   space 640K,   0% used [0x00000000f0f90000, 0x00000000f0f90000, 0x00000000f1030000)
 tenured generation   total 13840K, used 10022K [0x00000000f5c00000, 0x00000000f6984000, 0x0000000100000000)
   the space 13840K,  72% used [0x00000000f5c00000, 0x00000000f65c9928, 0x00000000f65c9a00, 0x00000000f6984000)
 Metaspace       used 17767K, capacity 18134K, committed 18432K, reserved 1064960K
  class space    used 2064K, capacity 2182K, committed 2304K, reserved 1048576K
}
Event: 4.297 GC heap before
{Heap before GC invocations=28 (full 1):
 def new generation   total 6336K, used 6335K [0x00000000f0a00000, 0x00000000f10d0000, 0x00000000f5c00000)
  eden space 5696K, 100% used [0x00000000f0a00000, 0x00000000f0f90000, 0x00000000f0f90000)
  from space 640K,  99% used [0x00000000f1030000, 0x00000000f10cfff8, 0x00000000f10d0000)
  to   space 640K,   0% used [0x00000000f0f90000, 0x00000000f0f90000, 0x00000000f1030000)
 tenured generation   total 13840K, used 10022K [0x00000000f5c00000, 0x00000000f6984000, 0x0000000100000000)
   the space 13840K,  72% used [0x00000000f5c00000, 0x00000000f65c9928, 0x00000000f65c9a00, 0x00000000f6984000)
 Metaspace       used 19240K, capacity 19710K, committed 19840K, reserved 1067008K
  class space    used 2225K, capacity 2371K, committed 2432K, reserved 1048576K
Event: 4.301 GC heap after
Heap after GC invocations=29 (full 1):
 def new generation   total 6336K, used 639K [0x00000000f0a00000, 0x00000000f10d0000, 0x00000000f5c00000)
  eden space 5696K,   0% used [0x00000000f0a00000, 0x00000000f0a00000, 0x00000000f0f90000)
  from space 640K,  99% used [0x00000000f0f90000, 0x00000000f102fff8, 0x00000000f1030000)
  to   space 640K,   0% used [0x00000000f1030000, 0x00000000f1030000, 0x00000000f10d0000)
 tenured generation   total 13840K, used 10949K [0x00000000f5c00000, 0x00000000f6984000, 0x0000000100000000)
   the space 13840K,  79% used [0x00000000f5c00000, 0x00000000f66b1780, 0x00000000f66b1800, 0x00000000f6984000)
 Metaspace       used 19240K, capacity 19710K, committed 19840K, reserved 1067008K
  class space    used 2225K, capacity 2371K, committed 2432K, reserved 1048576K
}
Event: 4.540 GC heap before
{Heap before GC invocations=29 (full 1):
 def new generation   total 6336K, used 6335K [0x00000000f0a00000, 0x00000000f10d0000, 0x00000000f5c00000)
  eden space 5696K, 100% used [0x00000000f0a00000, 0x00000000f0f90000, 0x00000000f0f90000)
  from space 640K,  99% used [0x00000000f0f90000, 0x00000000f102fff8, 0x00000000f1030000)
  to   space 640K,   0% used [0x00000000f1030000, 0x00000000f1030000, 0x00000000f10d0000)
 tenured generation   total 13840K, used 10949K [0x00000000f5c00000, 0x00000000f6984000, 0x0000000100000000)
   the space 13840K,  79% used [0x00000000f5c00000, 0x00000000f66b1780, 0x00000000f66b1800, 0x00000000f6984000)
 Metaspace       used 20578K, capacity 21076K, committed 21376K, reserved 1069056K
  class space    used 2381K, capacity 2569K, committed 2688K, reserved 1048576K
Event: 4.544 GC heap after
Heap after GC invocations=30 (full 1):
 def new generation   total 6336K, used 640K [0x00000000f0a00000, 0x00000000f10d0000, 0x00000000f5c00000)
  eden space 5696K,   0% used [0x00000000f0a00000, 0x00000000f0a00000, 0x00000000f0f90000)
  from space 640K, 100% used [0x00000000f1030000, 0x00000000f10d0000, 0x00000000f10d0000)
  to   space 640K,   0% used [0x00000000f0f90000, 0x00000000f0f90000, 0x00000000f1030000)
 tenured generation   total 13840K, used 12035K [0x00000000f5c00000, 0x00000000f6984000, 0x0000000100000000)
   the space 13840K,  86% used [0x00000000f5c00000, 0x00000000f67c0d80, 0x00000000f67c0e00, 0x00000000f6984000)
 Metaspace       used 20578K, capacity 21076K, committed 21376K, reserved 1069056K
  class space    used 2381K, capacity 2569K, committed 2688K, reserved 1048576K
}
Event: 5.086 GC heap before
{Heap before GC invocations=30 (full 1):
 def new generation   total 6336K, used 6336K [0x00000000f0a00000, 0x00000000f10d0000, 0x00000000f5c00000)
  eden space 5696K, 100% used [0x00000000f0a00000, 0x00000000f0f90000, 0x00000000f0f90000)
  from space 640K, 100% used [0x00000000f1030000, 0x00000000f10d0000, 0x00000000f10d0000)
  to   space 640K,   0% used [0x00000000f0f90000, 0x00000000f0f90000, 0x00000000f1030000)
 tenured generation   total 13840K, used 12035K [0x00000000f5c00000, 0x00000000f6984000, 0x0000000100000000)
   the space 13840K,  86% used [0x00000000f5c00000, 0x00000000f67c0d80, 0x00000000f67c0e00, 0x00000000f6984000)
 Metaspace       used 23267K, capacity 23782K, committed 23936K, reserved 1071104K
  class space    used 2727K, capacity 2936K, committed 2944K, reserved 1048576K
Event: 5.090 GC heap after
Heap after GC invocations=31 (full 1):
 def new generation   total 6336K, used 640K [0x00000000f0a00000, 0x00000000f10d0000, 0x00000000f5c00000)
  eden space 5696K,   0% used [0x00000000f0a00000, 0x00000000f0a00000, 0x00000000f0f90000)
  from space 640K, 100% used [0x00000000f0f90000, 0x00000000f1030000, 0x00000000f1030000)
  to   space 640K,   0% used [0x00000000f1030000, 0x00000000f1030000, 0x00000000f10d0000)
 tenured generation   total 13840K, used 13311K [0x00000000f5c00000, 0x00000000f6984000, 0x0000000100000000)
   the space 13840K,  96% used [0x00000000f5c00000, 0x00000000f68fff90, 0x00000000f6900000, 0x00000000f6984000)
 Metaspace       used 23267K, capacity 23782K, committed 23936K, reserved 1071104K
  class space    used 2727K, capacity 2936K, committed 2944K, reserved 1048576K
}
Event: 5.408 GC heap before
{Heap before GC invocations=31 (full 1):
 def new generation   total 6336K, used 6336K [0x00000000f0a00000, 0x00000000f10d0000, 0x00000000f5c00000)
  eden space 5696K, 100% used [0x00000000f0a00000, 0x00000000f0f90000, 0x00000000f0f90000)
  from space 640K, 100% used [0x00000000f0f90000, 0x00000000f1030000, 0x00000000f1030000)
  to   space 640K,   0% used [0x00000000f1030000, 0x00000000f1030000, 0x00000000f10d0000)
 tenured generation   total 13840K, used 13311K [0x00000000f5c00000, 0x00000000f6984000, 0x0000000100000000)
   the space 13840K,  96% used [0x00000000f5c00000, 0x00000000f68fff90, 0x00000000f6900000, 0x00000000f6984000)
 Metaspace       used 24461K, capacity 24998K, committed 25216K, reserved 1071104K
  class space    used 2915K, capacity 3128K, committed 3200K, reserved 1048576K
Event: 5.529 GC heap after
Heap after GC invocations=32 (full 2):
 def new generation   total 9024K, used 0K [0x00000000f0a00000, 0x00000000f13c0000, 0x00000000f5c00000)
  eden space 8064K,   0% used [0x00000000f0a00000, 0x00000000f0a00000, 0x00000000f11e0000)
  from space 960K,   0% used [0x00000000f11e0000, 0x00000000f11e0000, 0x00000000f12d0000)
  to   space 960K,   0% used [0x00000000f12d0000, 0x00000000f12d0000, 0x00000000f13c0000)
 tenured generation   total 19876K, used 11925K [0x00000000f5c00000, 0x00000000f6f69000, 0x0000000100000000)
   the space 19876K,  59% used [0x00000000f5c00000, 0x00000000f67a55f8, 0x00000000f67a5600, 0x00000000f6f69000)
 Metaspace       used 24461K, capacity 24998K, committed 25216K, reserved 1071104K
  class space    used 2915K, capacity 3128K, committed 3200K, reserved 1048576K
}
Event: 5.808 GC heap before
{Heap before GC invocations=32 (full 2):
 def new generation   total 9024K, used 8064K [0x00000000f0a00000, 0x00000000f13c0000, 0x00000000f5c00000)
  eden space 8064K, 100% used [0x00000000f0a00000, 0x00000000f11e0000, 0x00000000f11e0000)
  from space 960K,   0% used [0x00000000f11e0000, 0x00000000f11e0000, 0x00000000f12d0000)
  to   space 960K,   0% used [0x00000000f12d0000, 0x00000000f12d0000, 0x00000000f13c0000)
 tenured generation   total 19876K, used 11925K [0x00000000f5c00000, 0x00000000f6f69000, 0x0000000100000000)
   the space 19876K,  59% used [0x00000000f5c00000, 0x00000000f67a55f8, 0x00000000f67a5600, 0x00000000f6f69000)
 Metaspace       used 25784K, capacity 26316K, committed 26368K, reserved 1073152K
  class space    used 3082K, capacity 3289K, committed 3328K, reserved 1048576K
Event: 5.812 GC heap after
Heap after GC invocations=33 (full 2):
 def new generation   total 9024K, used 959K [0x00000000f0a00000, 0x00000000f13c0000, 0x00000000f5c00000)
  eden space 8064K,   0% used [0x00000000f0a00000, 0x00000000f0a00000, 0x00000000f11e0000)
  from space 960K,  99% used [0x00000000f12d0000, 0x00000000f13bfff8, 0x00000000f13c0000)
  to   space 960K,   0% used [0x00000000f11e0000, 0x00000000f11e0000, 0x00000000f12d0000)
 tenured generation   total 19876K, used 12274K [0x00000000f5c00000, 0x00000000f6f69000, 0x0000000100000000)
   the space 19876K,  61% used [0x00000000f5c00000, 0x00000000f67fca68, 0x00000000f67fcc00, 0x00000000f6f69000)
 Metaspace       used 25784K, capacity 26316K, committed 26368K, reserved 1073152K
  class space    used 3082K, capacity 3289K, committed 3328K, reserved 1048576K
}
Event: 6.050 GC heap before
{Heap before GC invocations=33 (full 2):
 def new generation   total 9024K, used 9023K [0x00000000f0a00000, 0x00000000f13c0000, 0x00000000f5c00000)
  eden space 8064K, 100% used [0x00000000f0a00000, 0x00000000f11e0000, 0x00000000f11e0000)
  from space 960K,  99% used [0x00000000f12d0000, 0x00000000f13bfff8, 0x00000000f13c0000)
  to   space 960K,   0% used [0x00000000f11e0000, 0x00000000f11e0000, 0x00000000f12d0000)
 tenured generation   total 19876K, used 12274K [0x00000000f5c00000, 0x00000000f6f69000, 0x0000000100000000)
   the space 19876K,  61% used [0x00000000f5c00000, 0x00000000f67fca68, 0x00000000f67fcc00, 0x00000000f6f69000)
 Metaspace       used 26780K, capacity 27352K, committed 27520K, reserved 1073152K
  class space    used 3194K, capacity 3419K, committed 3456K, reserved 1048576K
Event: 6.054 GC heap after
Heap after GC invocations=34 (full 2):
 def new generation   total 9024K, used 960K [0x00000000f0a00000, 0x00000000f13c0000, 0x00000000f5c00000)
  eden space 8064K,   0% used [0x00000000f0a00000, 0x00000000f0a00000, 0x00000000f11e0000)
  from space 960K, 100% used [0x00000000f11e0000, 0x00000000f12d0000, 0x00000000f12d0000)
  to   space 960K,   0% used [0x00000000f12d0000, 0x00000000f12d0000, 0x00000000f13c0000)
 tenured generation   total 19876K, used 12597K [0x00000000f5c00000, 0x00000000f6f69000, 0x0000000100000000)
   the space 19876K,  63% used [0x00000000f5c00000, 0x00000000f684d558, 0x00000000f684d600, 0x00000000f6f69000)
 Metaspace       used 26780K, capacity 27352K, committed 27520K, reserved 1073152K
  class space    used 3194K, capacity 3419K, committed 3456K, reserved 1048576K
}
Event: 6.346 GC heap before
{Heap before GC invocations=34 (full 2):
 def new generation   total 9024K, used 9017K [0x00000000f0a00000, 0x00000000f13c0000, 0x00000000f5c00000)
  eden space 8064K,  99% used [0x00000000f0a00000, 0x00000000f11de580, 0x00000000f11e0000)
  from space 960K, 100% used [0x00000000f11e0000, 0x00000000f12d0000, 0x00000000f12d0000)
  to   space 960K,   0% used [0x00000000f12d0000, 0x00000000f12d0000, 0x00000000f13c0000)
 tenured generation   total 19876K, used 12597K [0x00000000f5c00000, 0x00000000f6f69000, 0x0000000100000000)
   the space 19876K,  63% used [0x00000000f5c00000, 0x00000000f684d558, 0x00000000f684d600, 0x00000000f6f69000)
 Metaspace       used 28302K, capacity 28882K, committed 29056K, reserved 1075200K
  class space    used 3367K, capacity 3588K, committed 3712K, reserved 1048576K
Event: 6.349 GC heap after
Heap after GC invocations=35 (full 2):
 def new generation   total 9024K, used 959K [0x00000000f0a00000, 0x00000000f13c0000, 0x00000000f5c00000)
  eden space 8064K,   0% used [0x00000000f0a00000, 0x00000000f0a00000, 0x00000000f11e0000)
  from space 960K,  99% used [0x00000000f12d0000, 0x00000000f13bfff0, 0x00000000f13c0000)
  to   space 960K,   0% used [0x00000000f11e0000, 0x00000000f11e0000, 0x00000000f12d0000)
 tenured generation   total 19876K, used 13446K [0x00000000f5c00000, 0x00000000f6f69000, 0x0000000100000000)
   the space 19876K,  67% used [0x00000000f5c00000, 0x00000000f6921860, 0x00000000f6921a00, 0x00000000f6f69000)
 Metaspace       used 28302K, capacity 28882K, committed 29056K, reserved 1075200K
  class space    used 3367K, capacity 3588K, committed 3712K, reserved 1048576K
}
Event: 6.350 GC heap before
{Heap before GC invocations=35 (full 2):
 def new generation   total 9024K, used 2143K [0x00000000f0a00000, 0x00000000f13c0000, 0x00000000f5c00000)
  eden space 8064K,  14% used [0x00000000f0a00000, 0x00000000f0b27d98, 0x00000000f11e0000)
  from space 960K,  99% used [0x00000000f12d0000, 0x00000000f13bfff0, 0x00000000f13c0000)
  to   space 960K,   0% used [0x00000000f11e0000, 0x00000000f11e0000, 0x00000000f12d0000)
 tenured generation   total 19876K, used 13446K [0x00000000f5c00000, 0x00000000f6f69000, 0x0000000100000000)
   the space 19876K,  67% used [0x00000000f5c00000, 0x00000000f6921860, 0x00000000f6921a00, 0x00000000f6f69000)
 Metaspace       used 28304K, capacity 28882K, committed 29056K, reserved 1075200K
  class space    used 3367K, capacity 3588K, committed 3712K, reserved 1048576K
Event: 6.387 GC heap after
Heap after GC invocations=36 (full 3):
 def new generation   total 9792K, used 0K [0x00000000f0a00000, 0x00000000f1490000, 0x00000000f5c00000)
  eden space 8768K,   0% used [0x00000000f0a00000, 0x00000000f0a00000, 0x00000000f1290000)
  from space 1024K,   0% used [0x00000000f1290000, 0x00000000f1290000, 0x00000000f1390000)
  to   space 1024K,   0% used [0x00000000f1390000, 0x00000000f1390000, 0x00000000f1490000)
 tenured generation   total 21560K, used 12934K [0x00000000f5c00000, 0x00000000f710e000, 0x0000000100000000)
   the space 21560K,  59% used [0x00000000f5c00000, 0x00000000f68a1820, 0x00000000f68a1a00, 0x00000000f710e000)
 Metaspace       used 28304K, capacity 28882K, committed 29056K, reserved 1075200K
  class space    used 3367K, capacity 3588K, committed 3712K, reserved 1048576K
}
Event: 6.489 GC heap before
{Heap before GC invocations=36 (full 3):
 def new generation   total 9792K, used 3805K [0x00000000f0a00000, 0x00000000f1490000, 0x00000000f5c00000)
  eden space 8768K,  43% used [0x00000000f0a00000, 0x00000000f0db74b8, 0x00000000f1290000)
  from space 1024K,   0% used [0x00000000f1290000, 0x00000000f1290000, 0x00000000f1390000)
  to   space 1024K,   0% used [0x00000000f1390000, 0x00000000f1390000, 0x00000000f1490000)
 tenured generation   total 37948K, used 29318K [0x00000000f5c00000, 0x00000000f810f000, 0x0000000100000000)
   the space 37948K,  77% used [0x00000000f5c00000, 0x00000000f78a1830, 0x00000000f78a1a00, 0x00000000f810f000)
 Metaspace       used 28879K, capacity 29490K, committed 29824K, reserved 1075200K
  class space    used 3408K, capacity 3620K, committed 3712K, reserved 1048576K
Event: 6.534 GC heap after
Heap after GC invocations=37 (full 4):
 def new generation   total 21888K, used 0K [0x00000000f0a00000, 0x00000000f21b0000, 0x00000000f5c00000)
  eden space 19520K,   0% used [0x00000000f0a00000, 0x00000000f0a00000, 0x00000000f1d10000)
  from space 2368K,   0% used [0x00000000f1d10000, 0x00000000f1d10000, 0x00000000f1f60000)
  to   space 2368K,   0% used [0x00000000f1f60000, 0x00000000f1f60000, 0x00000000f21b0000)
 tenured generation   total 48468K, used 29079K [0x00000000f5c00000, 0x00000000f8b55000, 0x0000000100000000)
   the space 48468K,  59% used [0x00000000f5c00000, 0x00000000f7865ff8, 0x00000000f7866000, 0x00000000f8b55000)
 Metaspace       used 28879K, capacity 29490K, committed 29824K, reserved 1075200K
  class space    used 3408K, capacity 3620K, committed 3712K, reserved 1048576K
}
Event: 6.610 GC heap before
{Heap before GC invocations=37 (full 4):
 def new generation   total 21888K, used 19520K [0x00000000f0a00000, 0x00000000f21b0000, 0x00000000f5c00000)
  eden space 19520K, 100% used [0x00000000f0a00000, 0x00000000f1d10000, 0x00000000f1d10000)
  from space 2368K,   0% used [0x00000000f1d10000, 0x00000000f1d10000, 0x00000000f1f60000)
  to   space 2368K,   0% used [0x00000000f1f60000, 0x00000000f1f60000, 0x00000000f21b0000)
 tenured generation   total 48468K, used 29079K [0x00000000f5c00000, 0x00000000f8b55000, 0x0000000100000000)
   the space 48468K,  59% used [0x00000000f5c00000, 0x00000000f7865ff8, 0x00000000f7866000, 0x00000000f8b55000)
 Metaspace       used 29272K, capacity 29842K, committed 30080K, reserved 1075200K
  class space    used 3440K, capacity 3652K, committed 3712K, reserved 1048576K
Event: 6.634 GC heap after
Heap after GC invocations=38 (full 4):
 def new generation   total 21888K, used 515K [0x00000000f0a00000, 0x00000000f21b0000, 0x00000000f5c00000)
  eden space 19520K,   0% used [0x00000000f0a00000, 0x00000000f0a00000, 0x00000000f1d10000)
  from space 2368K,  21% used [0x00000000f1f60000, 0x00000000f1fe0d60, 0x00000000f21b0000)
  to   space 2368K,   0% used [0x00000000f1d10000, 0x00000000f1d10000, 0x00000000f1f60000)
 tenured generation   total 48468K, used 45464K [0x00000000f5c00000, 0x00000000f8b55000, 0x0000000100000000)
   the space 48468K,  93% used [0x00000000f5c00000, 0x00000000f8866008, 0x00000000f8866200, 0x00000000f8b55000)
 Metaspace       used 29272K, capacity 29842K, committed 30080K, reserved 1075200K
  class space    used 3440K, capacity 3652K, committed 3712K, reserved 1048576K
}
Event: 7.307 GC heap before
{Heap before GC invocations=38 (full 4):
 def new generation   total 21888K, used 20035K [0x00000000f0a00000, 0x00000000f21b0000, 0x00000000f5c00000)
  eden space 19520K, 100% used [0x00000000f0a00000, 0x00000000f1d10000, 0x00000000f1d10000)
  from space 2368K,  21% used [0x00000000f1f60000, 0x00000000f1fe0d60, 0x00000000f21b0000)
  to   space 2368K,   0% used [0x00000000f1d10000, 0x00000000f1d10000, 0x00000000f1f60000)
 tenured generation   total 48468K, used 45464K [0x00000000f5c00000, 0x00000000f8b55000, 0x0000000100000000)
   the space 48468K,  93% used [0x00000000f5c00000, 0x00000000f8866008, 0x00000000f8866200, 0x00000000f8b55000)
 Metaspace       used 32190K, capacity 32940K, committed 33024K, reserved 1079296K
  class space    used 3824K, capacity 4092K, committed 4096K, reserved 1048576K
Event: 7.321 GC heap after
Heap after GC invocations=39 (full 4):
 def new generation   total 21888K, used 2368K [0x00000000f0a00000, 0x00000000f21b0000, 0x00000000f5c00000)
  eden space 19520K,   0% used [0x00000000f0a00000, 0x00000000f0a00000, 0x00000000f1d10000)
  from space 2368K, 100% used [0x00000000f1d10000, 0x00000000f1f60000, 0x00000000f1f60000)
  to   space 2368K,   0% used [0x00000000f1f60000, 0x00000000f1f60000, 0x00000000f21b0000)
 tenured generation   total 48468K, used 47017K [0x00000000f5c00000, 0x00000000f8b55000, 0x0000000100000000)
   the space 48468K,  97% used [0x00000000f5c00000, 0x00000000f89ea640, 0x00000000f89ea800, 0x00000000f8b55000)
 Metaspace       used 32190K, capacity 32940K, committed 33024K, reserved 1079296K
  class space    used 3824K, capacity 4092K, committed 4096K, reserved 1048576K
}
Event: 7.900 GC heap before
{Heap before GC invocations=39 (full 4):
 def new generation   total 21888K, used 21888K [0x00000000f0a00000, 0x00000000f21b0000, 0x00000000f5c00000)
  eden space 19520K, 100% used [0x00000000f0a00000, 0x00000000f1d10000, 0x00000000f1d10000)
  from space 2368K, 100% used [0x00000000f1d10000, 0x00000000f1f60000, 0x00000000f1f60000)
  to   space 2368K,   0% used [0x00000000f1f60000, 0x00000000f1f60000, 0x00000000f21b0000)
 tenured generation   total 48468K, used 47017K [0x00000000f5c00000, 0x00000000f8b55000, 0x0000000100000000)
   the space 48468K,  97% used [0x00000000f5c00000, 0x00000000f89ea640, 0x00000000f89ea800, 0x00000000f8b55000)
 Metaspace       used 33813K, capacity 35160K, committed 35328K, reserved 1079296K
  class space    used 4050K, capacity 4545K, committed 4608K, reserved 1048576K

