# JRE version: OpenJDK Runtime Environment (8.0_265-b01) (build 1.8.0_265-b01)
# Java VM: OpenJDK 64-Bit Server VM (25.265-b01 mixed mode linux-amd64 compressed oops)
Heap:
 def new generation   total 21888K, used 693K [0x00000000f0a00000, 0x00000000f21b0000, 0x00000000f5c00000)
  eden space 19520K,   3% used [0x00000000f0a00000, 0x00000000f0aad728, 0x00000000f1d10000)
  from space 2368K,   0% used [0x00000000f1f60000, 0x00000000f1f60000, 0x00000000f21b0000)
  to   space 2368K,   0% used [0x00000000f1d10000, 0x00000000f1d10000, 0x00000000f1f60000)
 tenured generation   total 49612K, used 49612K [0x00000000f5c00000, 0x00000000f8c73000, 0x0000000100000000)
   the space 49612K, 100% used [0x00000000f5c00000, 0x00000000f8c73000, 0x00000000f8c73000, 0x00000000f8c73000)
 Metaspace       used 33835K, capacity 35160K, committed 35328K, reserved 1079296K
  class space    used 4050K, capacity 4545K, committed 4608K, reserved 1048576K
GC Heap History (77 events):
Event: 0.534 GC heap before
{Heap before GC invocations=0 (full 0):
 def new generation   total 4928K, used 4416K [0x00000000f0a00000, 0x00000000f0f50000, 0x00000000f5c00000)
  eden space 4416K, 100% used [0x00000000f0a00000, 0x00000000f0e50000, 0x00000000f0e50000)
  from space 512K,   0% used [0x00000000f0e50000, 0x00000000f0e50000, 0x00000000f0ed0000)
  to   space 512K,   0% used [0x00000000f0ed0000, 0x00000000f0ed0000, 0x00000000f0f50000)
 tenured generation   total 10944K, used 0K [0x00000000f5c00000, 0x00000000f66b0000, 0x0000000100000000)
   the space 10944K,   0% used [0x00000000f5c00000, 0x00000000f5c00000, 0x00000000f5c00200, 0x00000000f66b0000)
 Metaspace       used 4957K, capacity 5228K, committed 5504K, reserved 1056768K
  class space    used 483K, capacity 536K, committed 640K, reserved 1048576K
Event: 0.537 GC heap after
Heap after GC invocations=1 (full 0):
 def new generation   total 4928K, used 512K [0x00000000f0a00000, 0x00000000f0f50000, 0x00000000f5c00000)
  eden space 4416K,   0% used [0x00000000f0a00000, 0x00000000f0a00000, 0x00000000f0e50000)
  from space 512K, 100% used [0x00000000f0ed0000, 0x00000000f0f50000, 0x00000000f0f50000)
  to   space 512K,   0% used [0x00000000f0e50000, 0x00000000f0e50000, 0x00000000f0ed0000)
 tenured generation   total 10944K, used 827K [0x00000000f5c00000, 0x00000000f66b0000, 0x0000000100000000)
   the space 10944K,   7% used [0x00000000f5c00000, 0x00000000f5cced18, 0x00000000f5ccee00, 0x00000000f66b0000)
 Metaspace       used 4957K, capacity 5228K, committed 5504K, reserved 1056768K
  class space    used 483K, capacity 536K, committed 640K, reserved 1048576K
}
Event: 0.746 GC heap before
{Heap before GC invocations=1 (full 0):
 def new generation   total 4928K, used 4928K [0x00000000f0a00000, 0x00000000f0f50000, 0x00000000f5c00000)
  eden space 4416K, 100% used [0x00000000f0a00000, 0x00000000f0e50000, 0x00000000f0e50000)
  from space 512K, 100% used [0x00000000f0ed0000, 0x00000000f0f50000, 0x00000000f0f50000)
  to   space 512K,   0% used [0x00000000f0e50000, 0x00000000f0e50000, 0x00000000f0ed0000)
 tenured generation   total 10944K, used 827K [0x00000000f5c00000, 0x00000000f66b0000, 0x0000000100000000)
   the space 10944K,   7% used [0x00000000f5c00000, 0x00000000f5cced18, 0x00000000f5ccee00, 0x00000000f66b0000)
 Metaspace       used 6000K, capacity 6140K, committed 6400K, reserved 1056768K
  class space    used 607K, capacity 664K, committed 768K, reserved 1048576K
Event: 0.748 GC heap after
Heap after GC invocations=2 (full 0):
 def new generation   total 4928K, used 512K [0x00000000f0a00000, 0x00000000f0f50000, 0x00000000f5c00000)
  eden space 4416K,   0% used [0x00000000f0a00000, 0x00000000f0a00000, 0x00000000f0e50000)
  from space 512K, 100% used [0x00000000f0e50000, 0x00000000f0ed0000, 0x00000000f0ed0000)
  to   space 512K,   0% used [0x00000000f0ed0000, 0x00000000f0ed0000, 0x00000000f0f50000)
 tenured generation   total 10944K, used 1561K [0x00000000f5c00000, 0x00000000f66b0000, 0x0000000100000000)
   the space 10944K,  14% used [0x00000000f5c00000, 0x00000000f5d86500, 0x00000000f5d86600, 0x00000000f66b0000)
 Metaspace       used 6000K, capacity 6140K, committed 6400K, reserved 1056768K
  class space    used 607K, capacity 664K, committed 768K, reserved 1048576K
}
Event: 0.908 GC heap before
{Heap before GC invocations=2 (full 0):
 def new generation   total 4928K, used 4928K [0x00000000f0a00000, 0x00000000f0f50000, 0x00000000f5c00000)
  eden space 4416K, 100% used [0x00000000f0a00000, 0x00000000f0e50000, 0x00000000f0e50000)
  from space 512K, 100% used [0x00000000f0e50000, 0x00000000f0ed0000, 0x00000000f0ed0000)
  to   space 512K,   0% used [0x00000000f0ed0000, 0x00000000f0ed0000, 0x00000000f0f50000)
 tenured generation   total 10944K, used 1561K [0x00000000f5c00000, 0x00000000f66b0000, 0x0000000100000000)
   the space 10944K,  14% used [0x00000000f5c00000, 0x00000000f5d86500, 0x00000000f5d86600, 0x00000000f66b0000)
 Metaspace       used 6947K, capacity 7100K, committed 7296K, reserved 1056768K
  class space    used 732K, capacity 792K, committed 896K, reserved 1048576K
Event: 0.909 GC heap after
Heap after GC invocations=3 (full 0):
 def new generation   total 4928K, used 511K [0x00000000f0a00000, 0x00000000f0f50000, 0x00000000f5c00000)
  eden space 4416K,   0% used [0x00000000f0a00000, 0x00000000f0a00000, 0x00000000f0e50000)
  from space 512K,  99% used [0x00000000f0ed0000, 0x00000000f0f4fff8, 0x00000000f0f50000)
  to   space 512K,   0% used [0x00000000f0e50000, 0x00000000f0e50000, 0x00000000f0ed0000)
 tenured generation   total 10944K, used 2041K [0x00000000f5c00000, 0x00000000f66b0000, 0x0000000100000000)
   the space 10944K,  18% used [0x00000000f5c00000, 0x00000000f5dfe470, 0x00000000f5dfe600, 0x00000000f66b0000)
 Metaspace       used 6947K, capacity 7100K, committed 7296K, reserved 1056768K
  class space    used 732K, capacity 792K, committed 896K, reserved 1048576K
}
Event: 1.014 GC heap before
{Heap before GC invocations=3 (full 0):
 def new generation   total 4928K, used 4927K [0x00000000f0a00000, 0x00000000f0f50000, 0x00000000f5c00000)
  eden space 4416K, 100% used [0x00000000f0a00000, 0x00000000f0e50000, 0x00000000f0e50000)
  from space 512K,  99% used [0x00000000f0ed0000, 0x00000000f0f4fff8, 0x00000000f0f50000)
  to   space 512K,   0% used [0x00000000f0e50000, 0x00000000f0e50000, 0x00000000f0ed0000)
 tenured generation   total 10944K, used 2041K [0x00000000f5c00000, 0x00000000f66b0000, 0x0000000100000000)
   the space 10944K,  18% used [0x00000000f5c00000, 0x00000000f5dfe470, 0x00000000f5dfe600, 0x00000000f66b0000)
 Metaspace       used 7631K, capacity 7772K, committed 7808K, reserved 1056768K
  class space    used 837K, capacity 888K, committed 896K, reserved 1048576K
Event: 1.016 GC heap after
Heap after GC invocations=4 (full 0):
 def new generation   total 4928K, used 512K [0x00000000f0a00000, 0x00000000f0f50000, 0x00000000f5c00000)
  eden space 4416K,   0% used [0x00000000f0a00000, 0x00000000f0a00000, 0x00000000f0e50000)
  from space 512K, 100% used [0x00000000f0e50000, 0x00000000f0ed0000, 0x00000000f0ed0000)
  to   space 512K,   0% used [0x00000000f0ed0000, 0x00000000f0ed0000, 0x00000000f0f50000)
 tenured generation   total 10944K, used 2319K [0x00000000f5c00000, 0x00000000f66b0000, 0x0000000100000000)
   the space 10944K,  21% used [0x00000000f5c00000, 0x00000000f5e43dd0, 0x00000000f5e43e00, 0x00000000f66b0000)
 Metaspace       used 7631K, capacity 7772K, committed 7808K, reserved 1056768K
  class space    used 837K, capacity 888K, committed 896K, reserved 1048576K
}
Event: 1.149 GC heap before
{Heap before GC invocations=4 (full 0):
 def new generation   total 4928K, used 4928K [0x00000000f0a00000, 0x00000000f0f50000, 0x00000000f5c00000)
  eden space 4416K, 100% used [0x00000000f0a00000, 0x00000000f0e50000, 0x00000000f0e50000)
  from space 512K, 100% used [0x00000000f0e50000, 0x00000000f0ed0000, 0x00000000f0ed0000)
  to   space 512K,   0% used [0x00000000f0ed0000, 0x00000000f0ed0000, 0x00000000f0f50000)
 tenured generation   total 10944K, used 2319K [0x00000000f5c00000, 0x00000000f66b0000, 0x0000000100000000)
   the space 10944K,  21% used [0x00000000f5c00000, 0x00000000f5e43dd0, 0x00000000f5e43e00, 0x00000000f66b0000)
 Metaspace       used 8347K, capacity 8476K, committed 8704K, reserved 1056768K
  class space    used 944K, capacity 1016K, committed 1024K, reserved 1048576K
Event: 1.151 GC heap after
Heap after GC invocations=5 (full 0):
 def new generation   total 4928K, used 512K [0x00000000f0a00000, 0x00000000f0f50000, 0x00000000f5c00000)
  eden space 4416K,   0% used [0x00000000f0a00000, 0x00000000f0a00000, 0x00000000f0e50000)
  from space 512K, 100% used [0x00000000f0ed0000, 0x00000000f0f50000, 0x00000000f0f50000)
  to   space 512K,   0% used [0x00000000f0e50000, 0x00000000f0e50000, 0x00000000f0ed0000)
 tenured generation   total 10944K, used 2475K [0x00000000f5c00000, 0x00000000f66b0000, 0x0000000100000000)
   the space 10944K,  22% used [0x00000000f5c00000, 0x00000000f5e6ac38, 0x00000000f5e6ae00, 0x00000000f66b0000)
 Metaspace       used 8347K, capacity 8476K, committed 8704K, reserved 1056768K
  class space    used 944K, capacity 1016K, committed 1024K, reserved 1048576K
}
Event: 1.215 GC heap before
{Heap before GC invocations=5 (full 0):
 def new generation   total 4928K, used 4928K [0x00000000f0a00000, 0x00000000f0f50000, 0x00000000f5c00000)
  eden space 4416K, 100% used [0x00000000f0a00000, 0x00000000f0e50000, 0x00000000f0e50000)
  from space 512K, 100% used [0x00000000f0ed0000, 0x00000000f0f50000, 0x00000000f0f50000)
  to   space 512K,   0% used [0x00000000f0e50000, 0x00000000f0e50000, 0x00000000f0ed0000)
 tenured generation   total 10944K, used 2475K [0x00000000f5c00000, 0x00000000f66b0000, 0x0000000100000000)
   the space 10944K,  22% used [0x00000000f5c00000, 0x00000000f5e6ac38, 0x00000000f5e6ae00, 0x00000000f66b0000)
 Metaspace       used 8449K, capacity 8540K, committed 8704K, reserved 1056768K
  class space    used 965K, capacity 1016K, committed 1024K, reserved 1048576K
Event: 1.216 GC heap after
Heap after GC invocations=6 (full 0):
 def new generation   total 4928K, used 347K [0x00000000f0a00000, 0x00000000f0f50000, 0x00000000f5c00000)
  eden space 4416K,   0% used [0x00000000f0a00000, 0x00000000f0a00000, 0x00000000f0e50000)
  from space 512K,  67% used [0x00000000f0e50000, 0x00000000f0ea6e48, 0x00000000f0ed0000)
  to   space 512K,   0% used [0x00000000f0ed0000, 0x00000000f0ed0000, 0x00000000f0f50000)
 tenured generation   total 10944K, used 2696K [0x00000000f5c00000, 0x00000000f66b0000, 0x0000000100000000)
   the space 10944K,  24% used [0x00000000f5c00000, 0x00000000f5ea2010, 0x00000000f5ea2200, 0x00000000f66b0000)
 Metaspace       used 8449K, capacity 8540K, committed 8704K, reserved 1056768K
  class space    used 965K, capacity 1016K, committed 1024K, reserved 1048576K
}
Event: 1.271 GC heap before
{Heap before GC invocations=6 (full 0):
 def new generation   total 4928K, used 4763K [0x00000000f0a00000, 0x00000000f0f50000, 0x00000000f5c00000)
  eden space 4416K, 100% used [0x00000000f0a00000, 0x00000000f0e50000, 0x00000000f0e50000)
  from space 512K,  67% used [0x00000000f0e50000, 0x00000000f0ea6e48, 0x00000000f0ed0000)
  to   space 512K,   0% used [0x00000000f0ed0000, 0x00000000f0ed0000, 0x00000000f0f50000)
 tenured generation   total 10944K, used 2696K [0x00000000f5c00000, 0x00000000f66b0000, 0x0000000100000000)
   the space 10944K,  24% used [0x00000000f5c00000, 0x00000000f5ea2010, 0x00000000f5ea2200, 0x00000000f66b0000)
 Metaspace       used 8572K, capacity 8700K, committed 8832K, reserved 1056768K
  class space    used 994K, capacity 1048K, committed 1152K, reserved 1048576K
Event: 1.273 GC heap after
Heap after GC invocations=7 (full 0):
 def new generation   total 4928K, used 318K [0x00000000f0a00000, 0x00000000f0f50000, 0x00000000f5c00000)
  eden space 4416K,   0% used [0x00000000f0a00000, 0x00000000f0a00000, 0x00000000f0e50000)
  from space 512K,  62% used [0x00000000f0ed0000, 0x00000000f0f1fab0, 0x00000000f0f50000)
  to   space 512K,   0% used [0x00000000f0e50000, 0x00000000f0e50000, 0x00000000f0ed0000)
 tenured generation   total 10944K, used 2880K [0x00000000f5c00000, 0x00000000f66b0000, 0x0000000100000000)
   the space 10944K,  26% used [0x00000000f5c00000, 0x00000000f5ed01a0, 0x00000000f5ed0200, 0x00000000f66b0000)
 Metaspace       used 8572K, capacity 8700K, committed 8832K, reserved 1056768K
  class space    used 994K, capacity 1048K, committed 1152K, reserved 1048576K
}
Event: 1.414 GC heap before
{Heap before GC invocations=7 (full 0):
 def new generation   total 4928K, used 4704K [0x00000000f0a00000, 0x00000000f0f50000, 0x00000000f5c00000)
  eden space 4416K,  99% used [0x00000000f0a00000, 0x00000000f0e48930, 0x00000000f0e50000)
  from space 512K,  62% used [0x00000000f0ed0000, 0x00000000f0f1fab0, 0x00000000f0f50000)
  to   space 512K,   0% used [0x00000000f0e50000, 0x00000000f0e50000, 0x00000000f0ed0000)
 tenured generation   total 10944K, used 2880K [0x00000000f5c00000, 0x00000000f66b0000, 0x0000000100000000)
   the space 10944K,  26% used [0x00000000f5c00000, 0x00000000f5ed01a0, 0x00000000f5ed0200, 0x00000000f66b0000)
 Metaspace       used 9035K, capacity 9154K, committed 9344K, reserved 1056768K
  class space    used 1046K, capacity 1113K, committed 1152K, reserved 1048576K
Event: 1.416 GC heap after
Heap after GC invocations=8 (full 0):
 def new generation   total 4928K, used 511K [0x00000000f0a00000, 0x00000000f0f50000, 0x00000000f5c00000)
  eden space 4416K,   0% used [0x00000000f0a00000, 0x00000000f0a00000, 0x00000000f0e50000)
  from space 512K,  99% used [0x00000000f0e50000, 0x00000000f0ecfff0, 0x00000000f0ed0000)
  to   space 512K,   0% used [0x00000000f0ed0000, 0x00000000f0ed0000, 0x00000000f0f50000)
 tenured generation   total 10944K, used 3178K [0x00000000f5c00000, 0x00000000f66b0000, 0x0000000100000000)
   the space 10944K,  29% used [0x00000000f5c00000, 0x00000000f5f1a8e0, 0x00000000f5f1aa00, 0x00000000f66b0000)
 Metaspace       used 9035K, capacity 9154K, committed 9344K, reserved 1056768K
  class space    used 1046K, capacity 1113K, committed 1152K, reserved 1048576K
}
Event: 1.500 GC heap before
{Heap before GC invocations=8 (full 0):
 def new generation   total 4928K, used 4927K [0x00000000f0a00000, 0x00000000f0f50000, 0x00000000f5c00000)
  eden space 4416K, 100% used [0x00000000f0a00000, 0x00000000f0e50000, 0x00000000f0e50000)
  from space 512K,  99% used [0x00000000f0e50000, 0x00000000f0ecfff0, 0x00000000f0ed0000)
  to   space 512K,   0% used [0x00000000f0ed0000, 0x00000000f0ed0000, 0x00000000f0f50000)
 tenured generation   total 10944K, used 3178K [0x00000000f5c00000, 0x00000000f66b0000, 0x0000000100000000)
   the space 10944K,  29% used [0x00000000f5c00000, 0x00000000f5f1a8e0, 0x00000000f5f1aa00, 0x00000000f66b0000)
 Metaspace       used 9410K, capacity 9506K, committed 9600K, reserved 1058816K
  class space    used 1085K, capacity 1145K, committed 1152K, reserved 1048576K
Event: 1.502 GC heap after
Heap after GC invocations=9 (full 0):
 def new generation   total 4928K, used 512K [0x00000000f0a00000, 0x00000000f0f50000, 0x00000000f5c00000)
  eden space 4416K,   0% used [0x00000000f0a00000, 0x00000000f0a00000, 0x00000000f0e50000)
  from space 512K, 100% used [0x00000000f0ed0000, 0x00000000f0f50000, 0x00000000f0f50000)
  to   space 512K,   0% used [0x00000000f0e50000, 0x00000000f0e50000, 0x00000000f0ed0000)
 tenured generation   total 10944K, used 3593K [0x00000000f5c00000, 0x00000000f66b0000, 0x0000000100000000)
   the space 10944K,  32% used [0x00000000f5c00000, 0x00000000f5f82690, 0x00000000f5f82800, 0x00000000f66b0000)
 Metaspace       used 9410K, capacity 9506K, committed 9600K, reserved 1058816K
  class space    used 1085K, capacity 1145K, committed 1152K, reserved 1048576K
}
Event: 1.609 GC heap before
{Heap before GC invocations=9 (full 0):
 def new generation   total 4928K, used 4928K [0x00000000f0a00000, 0x00000000f0f50000, 0x00000000f5c00000)
  eden space 4416K, 100% used [0x00000000f0a00000, 0x00000000f0e50000, 0x00000000f0e50000)
  from space 512K, 100% used [0x00000000f0ed0000, 0x00000000f0f50000, 0x00000000f0f50000)
  to   space 512K,   0% used [0x00000000f0e50000, 0x00000000f0e50000, 0x00000000f0ed0000)
 tenured generation   total 10944K, used 3593K [0x00000000f5c00000, 0x00000000f66b0000, 0x0000000100000000)
   the space 10944K,  32% used [0x00000000f5c00000, 0x00000000f5f82690, 0x00000000f5f82800, 0x00000000f66b0000)
 Metaspace       used 9969K, capacity 10100K, committed 10240K, reserved 1058816K
  class space    used 1155K, capacity 1213K, committed 1280K, reserved 1048576K
Event: 1.610 GC heap after
Heap after GC invocations=10 (full 0):
 def new generation   total 4928K, used 511K [0x00000000f0a00000, 0x00000000f0f50000, 0x00000000f5c00000)
  eden space 4416K,   0% used [0x00000000f0a00000, 0x00000000f0a00000, 0x00000000f0e50000)
  from space 512K,  99% used [0x00000000f0e50000, 0x00000000f0ecfff8, 0x00000000f0ed0000)
  to   space 512K,   0% used [0x00000000f0ed0000, 0x00000000f0ed0000, 0x00000000f0f50000)
 tenured generation   total 10944K, used 3858K [0x00000000f5c00000, 0x00000000f66b0000, 0x0000000100000000)
   the space 10944K,  35% used [0x00000000f5c00000, 0x00000000f5fc4be8, 0x00000000f5fc4c00, 0x00000000f66b0000)
 Metaspace       used 9969K, capacity 10100K, committed 10240K, reserved 1058816K
  class space    used 1155K, capacity 1213K, committed 1280K, reserved 1048576K
}
Event: 1.689 GC heap before
{Heap before GC invocations=10 (full 0):
 def new generation   total 4928K, used 4927K [0x00000000f0a00000, 0x00000000f0f50000, 0x00000000f5c00000)
  eden space 4416K, 100% used [0x00000000f0a00000, 0x00000000f0e50000, 0x00000000f0e50000)
  from space 512K,  99% used [0x00000000f0e50000, 0x00000000f0ecfff8, 0x00000000f0ed0000)
  to   space 512K,   0% used [0x00000000f0ed0000, 0x00000000f0ed0000, 0x00000000f0f50000)
 tenured generation   total 10944K, used 3858K [0x00000000f5c00000, 0x00000000f66b0000, 0x0000000100000000)
   the space 10944K,  35% used [0x00000000f5c00000, 0x00000000f5fc4be8, 0x00000000f5fc4c00, 0x00000000f66b0000)
 Metaspace       used 10611K, capacity 10744K, committed 10880K, reserved 1058816K
  class space    used 1230K, capacity 1281K, committed 1408K, reserved 1048576K
Event: 1.691 GC heap after
Heap after GC invocations=11 (full 0):
 def new generation   total 4928K, used 511K [0x00000000f0a00000, 0x00000000f0f50000, 0x00000000f5c00000)
  eden space 4416K,   0% used [0x00000000f0a00000, 0x00000000f0a00000, 0x00000000f0e50000)
  from space 512K,  99% used [0x00000000f0ed0000, 0x00000000f0f4fff0, 0x00000000f0f50000)
  to   space 512K,   0% used [0x00000000f0e50000, 0x00000000f0e50000, 0x00000000f0ed0000)
 tenured generation   total 10944K, used 4177K [0x00000000f5c00000, 0x00000000f66b0000, 0x0000000100000000)
   the space 10944K,  38% used [0x00000000f5c00000, 0x00000000f60147d0, 0x00000000f6014800, 0x00000000f66b0000)
 Metaspace       used 10611K, capacity 10744K, committed 10880K, reserved 1058816K
  class space    used 1230K, capacity 1281K, committed 1408K, reserved 1048576K
}
Event: 1.764 GC heap before
{Heap before GC invocations=11 (full 0):
 def new generation   total 4928K, used 4927K [0x00000000f0a00000, 0x00000000f0f50000, 0x00000000f5c00000)
  eden space 4416K, 100% used [0x00000000f0a00000, 0x00000000f0e50000, 0x00000000f0e50000)
  from space 512K,  99% used [0x00000000f0ed0000, 0x00000000f0f4fff0, 0x00000000f0f50000)
  to   space 512K,   0% used [0x00000000f0e50000, 0x00000000f0e50000, 0x00000000f0ed0000)
 tenured generation   total 10944K, used 4177K [0x00000000f5c00000, 0x00000000f66b0000, 0x0000000100000000)
   the space 10944K,  38% used [0x00000000f5c00000, 0x00000000f60147d0, 0x00000000f6014800, 0x00000000f66b0000)
 Metaspace       used 11080K, capacity 11230K, committed 11392K, reserved 1058816K
  class space    used 1297K, capacity 1379K, committed 1408K, reserved 1048576K
Event: 1.766 GC heap after
Heap after GC invocations=12 (full 0):
 def new generation   total 4928K, used 511K [0x00000000f0a00000, 0x00000000f0f50000, 0x00000000f5c00000)
  eden space 4416K,   0% used [0x00000000f0a00000, 0x00000000f0a00000, 0x00000000f0e50000)
  from space 512K,  99% used [0x00000000f0e50000, 0x00000000f0ecfff0, 0x00000000f0ed0000)
  to   space 512K,   0% used [0x00000000f0ed0000, 0x00000000f0ed0000, 0x00000000f0f50000)
 tenured generation   total 10944K, used 4505K [0x00000000f5c00000, 0x00000000f66b0000, 0x0000000100000000)
   the space 10944K,  41% used [0x00000000f5c00000, 0x00000000f60666a0, 0x00000000f6066800, 0x00000000f66b0000)
 Metaspace       used 11080K, capacity 11230K, committed 11392K, reserved 1058816K
  class space    used 1297K, capacity 1379K, committed 1408K, reserved 1048576K
}
Event: 1.849 GC heap before
{Heap before GC invocations=12 (full 0):
 def new generation   total 4928K, used 4927K [0x00000000f0a00000, 0x00000000f0f50000, 0x00000000f5c00000)
  eden space 4416K, 100% used [0x00000000f0a00000, 0x00000000f0e50000, 0x00000000f0e50000)
  from space 512K,  99% used [0x00000000f0e50000, 0x00000000f0ecfff0, 0x00000000f0ed0000)
  to   space 512K,   0% used [0x00000000f0ed0000, 0x00000000f0ed0000, 0x00000000f0f50000)
 tenured generation   total 10944K, used 4505K [0x00000000f5c00000, 0x00000000f66b0000, 0x0000000100000000)
   the space 10944K,  41% used [0x00000000f5c00000, 0x00000000f60666a0, 0x00000000f6066800, 0x00000000f66b0000)
 Metaspace       used 11603K, capacity 11742K, committed 12032K, reserved 1060864K
  class space    used 1367K, capacity 1443K, committed 1536K, reserved 1048576K
Event: 1.851 GC heap after
Heap after GC invocations=13 (full 0):
 def new generation   total 4928K, used 511K [0x00000000f0a00000, 0x00000000f0f50000, 0x00000000f5c00000)
  eden space 4416K,   0% used [0x00000000f0a00000, 0x00000000f0a00000, 0x00000000f0e50000)
  from space 512K,  99% used [0x00000000f0ed0000, 0x00000000f0f4fff0, 0x00000000f0f50000)
  to   space 512K,   0% used [0x00000000f0e50000, 0x00000000f0e50000, 0x00000000f0ed0000)
 tenured generation   total 10944K, used 4877K [0x00000000f5c00000, 0x00000000f66b0000, 0x0000000100000000)
   the space 10944K,  44% used [0x00000000f5c00000, 0x00000000f60c35f8, 0x00000000f60c3600, 0x00000000f66b0000)
 Metaspace       used 11603K, capacity 11742K, committed 12032K, reserved 1060864K
  class space    used 1367K, capacity 1443K, committed 1536K, reserved 1048576K
}
Event: 1.950 GC heap before
{Heap before GC invocations=13 (full 0):
 def new generation   total 4928K, used 4927K [0x00000000f0a00000, 0x00000000f0f50000, 0x00000000f5c00000)
  eden space 4416K, 100% used [0x00000000f0a00000, 0x00000000f0e50000, 0x00000000f0e50000)
  from space 512K,  99% used [0x00000000f0ed0000, 0x00000000f0f4fff0, 0x00000000f0f50000)
  to   space 512K,   0% used [0x00000000f0e50000, 0x00000000f0e50000, 0x00000000f0ed0000)
 tenured generation   total 10944K, used 4877K [0x00000000f5c00000, 0x00000000f66b0000, 0x0000000100000000)
   the space 10944K,  44% used [0x00000000f5c00000, 0x00000000f60c35f8, 0x00000000f60c3600, 0x00000000f66b0000)
 Metaspace       used 12086K, capacity 12258K, committed 12288K, reserved 1060864K
  class space    used 1436K, capacity 1507K, committed 1536K, reserved 1048576K
Event: 1.952 GC heap after
Heap after GC invocations=14 (full 0):
 def new generation   total 4928K, used 511K [0x00000000f0a00000, 0x00000000f0f50000, 0x00000000f5c00000)
  eden space 4416K,   0% used [0x00000000f0a00000, 0x00000000f0a00000, 0x00000000f0e50000)
  from space 512K,  99% used [0x00000000f0e50000, 0x00000000f0ecfff0, 0x00000000f0ed0000)
  to   space 512K,   0% used [0x00000000f0ed0000, 0x00000000f0ed0000, 0x00000000f0f50000)
 tenured generation   total 10944K, used 5279K [0x00000000f5c00000, 0x00000000f66b0000, 0x0000000100000000)
   the space 10944K,  48% used [0x00000000f5c00000, 0x00000000f6127c68, 0x00000000f6127e00, 0x00000000f66b0000)
 Metaspace       used 12086K, capacity 12258K, committed 12288K, reserved 1060864K
  class space    used 1436K, capacity 1507K, committed 1536K, reserved 1048576K
}
Event: 2.028 GC heap before
{Heap before GC invocations=14 (full 0):
 def new generation   total 4928K, used 4927K [0x00000000f0a00000, 0x00000000f0f50000, 0x00000000f5c00000)
  eden space 4416K, 100% used [0x00000000f0a00000, 0x00000000f0e50000, 0x00000000f0e50000)
  from space 512K,  99% used [0x00000000f0e50000, 0x00000000f0ecfff0, 0x00000000f0ed0000)
  to   space 512K,   0% used [0x00000000f0ed0000, 0x00000000f0ed0000, 0x00000000f0f50000)
 tenured generation   total 10944K, used 5279K [0x00000000f5c00000, 0x00000000f66b0000, 0x0000000100000000)
   the space 10944K,  48% used [0x00000000f5c00000, 0x00000000f6127c68, 0x00000000f6127e00, 0x00000000f66b0000)
 Metaspace       used 12520K, capacity 12648K, committed 12928K, reserved 1060864K
  class space    used 1502K, capacity 1572K, committed 1664K, reserved 1048576K
Event: 2.030 GC heap after
Heap after GC invocations=15 (full 0):
 def new generation   total 4928K, used 512K [0x00000000f0a00000, 0x00000000f0f50000, 0x00000000f5c00000)
  eden space 4416K,   0% used [0x00000000f0a00000, 0x00000000f0a00000, 0x00000000f0e50000)
  from space 512K, 100% used [0x00000000f0ed0000, 0x00000000f0f50000, 0x00000000f0f50000)
  to   space 512K,   0% used [0x00000000f0e50000, 0x00000000f0e50000, 0x00000000f0ed0000)
 tenured generation   total 10944K, used 5700K [0x00000000f5c00000, 0x00000000f66b0000, 0x0000000100000000)
   the space 10944K,  52% used [0x00000000f5c00000, 0x00000000f61911e8, 0x00000000f6191200, 0x00000000f66b0000)
 Metaspace       used 12520K, capacity 12648K, committed 12928K, reserved 1060864K
  class space    used 1502K, capacity 1572K, committed 1664K, reserved 1048576K
}
Event: 2.177 GC heap before
{Heap before GC invocations=15 (full 0):
 def new generation   total 4928K, used 4928K [0x00000000f0a00000, 0x00000000f0f50000, 0x00000000f5c00000)
  eden space 4416K, 100% used [0x00000000f0a00000, 0x00000000f0e50000, 0x00000000f0e50000)
  from space 512K, 100% used [0x00000000f0ed0000, 0x00000000f0f50000, 0x00000000f0f50000)
  to   space 512K,   0% used [0x00000000f0e50000, 0x00000000f0e50000, 0x00000000f0ed0000)
 tenured generation   total 10944K, used 5700K [0x00000000f5c00000, 0x00000000f66b0000, 0x0000000100000000)
   the space 10944K,  52% used [0x00000000f5c00000, 0x00000000f61911e8, 0x00000000f6191200, 0x00000000f66b0000)
 Metaspace       used 13065K, capacity 13262K, committed 13568K, reserved 1060864K
  class space    used 1582K, capacity 1669K, committed 1792K, reserved 1048576K
Event: 2.179 GC heap after
Heap after GC invocations=16 (full 0):
 def new generation   total 4928K, used 511K [0x00000000f0a00000, 0x00000000f0f50000, 0x00000000f5c00000)
  eden space 4416K,   0% used [0x00000000f0a00000, 0x00000000f0a00000, 0x00000000f0e50000)
  from space 512K,  99% used [0x00000000f0e50000, 0x00000000f0ecfff8, 0x00000000f0ed0000)
  to   space 512K,   0% used [0x00000000f0ed0000, 0x00000000f0ed0000, 0x00000000f0f50000)
 tenured generation   total 10944K, used 6148K [0x00000000f5c00000, 0x00000000f66b0000, 0x0000000100000000)
   the space 10944K,  56% used [0x00000000f5c00000, 0x00000000f62011e8, 0x00000000f6201200, 0x00000000f66b0000)
 Metaspace       used 13065K, capacity 13262K, committed 13568K, reserved 1060864K
  class space    used 1582K, capacity 1669K, committed 1792K, reserved 1048576K
}
Event: 2.473 GC heap before
{Heap before GC invocations=16 (full 0):
 def new generation   total 4928K, used 4927K [0x00000000f0a00000, 0x00000000f0f50000, 0x00000000f5c00000)
  eden space 4416K, 100% used [0x00000000f0a00000, 0x00000000f0e50000, 0x00000000f0e50000)
  from space 512K,  99% used [0x00000000f0e50000, 0x00000000f0ecfff8, 0x00000000f0ed0000)
  to   space 512K,   0% used [0x00000000f0ed0000, 0x00000000f0ed0000, 0x00000000f0f50000)
 tenured generation   total 10944K, used 6148K [0x00000000f5c00000, 0x00000000f66b0000, 0x0000000100000000)
   the space 10944K,  56% used [0x00000000f5c00000, 0x00000000f62011e8, 0x00000000f6201200, 0x00000000f66b0000)
 Metaspace       used 13872K, capacity 14058K, committed 14080K, reserved 1060864K
  class space    used 1666K, capacity 1775K, committed 1792K, reserved 1048576K
Event: 2.476 GC heap after
Heap after GC invocations=17 (full 0):
 def new generation   total 4928K, used 511K [0x00000000f0a00000, 0x00000000f0f50000, 0x00000000f5c00000)
  eden space 4416K,   0% used [0x00000000f0a00000, 0x00000000f0a00000, 0x00000000f0e50000)
  from space 512K,  99% used [0x00000000f0ed0000, 0x00000000f0f4fff8, 0x00000000f0f50000)
  to   space 512K,   0% used [0x00000000f0e50000, 0x00000000f0e50000, 0x00000000f0ed0000)
 tenured generation   total 10944K, used 6579K [0x00000000f5c00000, 0x00000000f66b0000, 0x0000000100000000)
   the space 10944K,  60% used [0x00000000f5c00000, 0x00000000f626ccc8, 0x00000000f626ce00, 0x00000000f66b0000)
 Metaspace       used 13872K, capacity 14058K, committed 14080K, reserved 1060864K
  class space    used 1666K, capacity 1775K, committed 1792K, reserved 1048576K
}
Event: 2.572 GC heap before
{Heap before GC invocations=17 (full 0):
 def new generation   total 4928K, used 4927K [0x00000000f0a00000, 0x00000000f0f50000, 0x00000000f5c00000)
  eden space 4416K, 100% used [0x00000000f0a00000, 0x00000000f0e50000, 0x00000000f0e50000)
  from space 512K,  99% used [0x00000000f0ed0000, 0x00000000f0f4fff8, 0x00000000f0f50000)
  to   space 512K,   0% used [0x00000000f0e50000, 0x00000000f0e50000, 0x00000000f0ed0000)
 tenured generation   total 10944K, used 6579K [0x00000000f5c00000, 0x00000000f66b0000, 0x0000000100000000)
   the space 10944K,  60% used [0x00000000f5c00000, 0x00000000f626ccc8, 0x00000000f626ce00, 0x00000000f66b0000)
 Metaspace       used 14575K, capacity 14762K, committed 14976K, reserved 1062912K
  class space    used 1739K, capacity 1839K, committed 1920K, reserved 1048576K
Event: 2.575 GC heap after
Heap after GC invocations=18 (full 0):
 def new generation   total 4928K, used 512K [0x00000000f0a00000, 0x00000000f0f50000, 0x00000000f5c00000)
  eden space 4416K,   0% used [0x00000000f0a00000, 0x00000000f0a00000, 0x00000000f0e50000)
  from space 512K, 100% used [0x00000000f0e50000, 0x00000000f0ed0000, 0x00000000f0ed0000)
  to   space 512K,   0% used [0x00000000f0ed0000, 0x00000000f0ed0000, 0x00000000f0f50000)
 tenured generation   total 10944K, used 7126K [0x00000000f5c00000, 0x00000000f66b0000, 0x0000000100000000)
   the space 10944K,  65% used [0x00000000f5c00000, 0x00000000f62f5b38, 0x00000000f62f5c00, 0x00000000f66b0000)
 Metaspace       used 14575K, capacity 14762K, committed 14976K, reserved 1062912K
  class space    used 1739K, capacity 1839K, committed 1920K, reserved 1048576K
}
Event: 2.730 GC heap before
{Heap before GC invocations=18 (full 0):
 def new generation   total 4928K, used 4928K [0x00000000f0a00000, 0x00000000f0f50000, 0x00000000f5c00000)
  eden space 4416K, 100% used [0x00000000f0a00000, 0x00000000f0e50000, 0x00000000f0e50000)
  from space 512K, 100% used [0x00000000f0e50000, 0x00000000f0ed0000, 0x00000000f0ed0000)
  to   space 512K,   0% used [0x00000000f0ed0000, 0x00000000f0ed0000, 0x00000000f0f50000)
 tenured generation   total 10944K, used 7126K [0x00000000f5c00000, 0x00000000f66b0000, 0x0000000100000000)
   the space 10944K,  65% used [0x00000000f5c00000, 0x00000000f62f5b38, 0x00000000f62f5c00, 0x00000000f66b0000)
 Metaspace       used 15411K, capacity 15594K, committed 15744K, reserved 1062912K
  class space    used 1824K, capacity 1903K, committed 1920K, reserved 1048576K
Event: 2.734 GC heap after
Heap after GC invocations=19 (full 0):
 def new generation   total 4928K, used 511K [0x00000000f0a00000, 0x00000000f0f50000, 0x00000000f5c00000)
  eden space 4416K,   0% used [0x00000000f0a00000, 0x00000000f0a00000, 0x00000000f0e50000)
  from space 512K,  99% used [0x00000000f0ed0000, 0x00000000f0f4fff8, 0x00000000f0f50000)
  to   space 512K,   0% used [0x00000000f0e50000, 0x00000000f0e50000, 0x00000000f0ed0000)
 tenured generation   total 10944K, used 7491K [0x00000000f5c00000, 0x00000000f66b0000, 0x0000000100000000)
   the space 10944K,  68% used [0x00000000f5c00000, 0x00000000f6350fb8, 0x00000000f6351000, 0x00000000f66b0000)
 Metaspace       used 15411K, capacity 15594K, committed 15744K, reserved 1062912K
  class space    used 1824K, capacity 1903K, committed 1920K, reserved 1048576K
}
Event: 2.884 GC heap before
{Heap before GC invocations=19 (full 0):
 def new generation   total 4928K, used 4927K [0x00000000f0a00000, 0x00000000f0f50000, 0x00000000f5c00000)
  eden space 4416K, 100% used [0x00000000f0a00000, 0x00000000f0e50000, 0x00000000f0e50000)
  from space 512K,  99% used [0x00000000f0ed0000, 0x00000000f0f4fff8, 0x00000000f0f50000)
  to   space 512K,   0% used [0x00000000f0e50000, 0x00000000f0e50000, 0x00000000f0ed0000)
 tenured generation   total 10944K, used 7491K [0x00000000f5c00000, 0x00000000f66b0000, 0x0000000100000000)
   the space 10944K,  68% used [0x00000000f5c00000, 0x00000000f6350fb8, 0x00000000f6351000, 0x00000000f66b0000)
 Metaspace       used 15549K, capacity 15760K, committed 15872K, reserved 1062912K
  class space    used 1835K, capacity 1936K, committed 2048K, reserved 1048576K
Event: 2.888 GC heap after
Heap after GC invocations=20 (full 0):
 def new generation   total 4928K, used 512K [0x00000000f0a00000, 0x00000000f0f50000, 0x00000000f5c00000)
  eden space 4416K,   0% used [0x00000000f0a00000, 0x00000000f0a00000, 0x00000000f0e50000)
  from space 512K, 100% used [0x00000000f0e50000, 0x00000000f0ed0000, 0x00000000f0ed0000)
  to   space 512K,   0% used [0x00000000f0ed0000, 0x00000000f0ed0000, 0x00000000f0f50000)
 tenured generation   total 10944K, used 7951K [0x00000000f5c00000, 0x00000000f66b0000, 0x0000000100000000)
   the space 10944K,  72% used [0x00000000f5c00000, 0x00000000f63c3db8, 0x00000000f63c3e00, 0x00000000f66b0000)
 Metaspace       used 15549K, capacity 15760K, committed 15872K, reserved 1062912K
  class space    used 1835K, capacity 1936K, committed 2048K, reserved 1048576K
}
Event: 2.984 GC heap before
{Heap before GC invocations=20 (full 0):
 def new generation   total 4928K, used 4928K [0x00000000f0a00000, 0x00000000f0f50000, 0x00000000f5c00000)
  eden space 4416K, 100% used [0x00000000f0a00000, 0x00000000f0e50000, 0x00000000f0e50000)
  from space 512K, 100% used [0x00000000f0e50000, 0x00000000f0ed0000, 0x00000000f0ed0000)
  to   space 512K,   0% used [0x00000000f0ed0000, 0x00000000f0ed0000, 0x00000000f0f50000)
 tenured generation   total 10944K, used 7951K [0x00000000f5c00000, 0x00000000f66b0000, 0x0000000100000000)
   the space 10944K,  72% used [0x00000000f5c00000, 0x00000000f63c3db8, 0x00000000f63c3e00, 0x00000000f66b0000)
 Metaspace       used 15611K, capacity 15778K, committed 16128K, reserved 1062912K
  class space    used 1837K, capacity 1939K, committed 2048K, reserved 1048576K
Event: 2.987 GC heap after
Heap after GC invocations=21 (full 0):
 def new generation   total 4928K, used 482K [0x00000000f0a00000, 0x00000000f0f50000, 0x00000000f5c00000)
  eden space 4416K,   0% used [0x00000000f0a00000, 0x00000000f0a00000, 0x00000000f0e50000)
  from space 512K,  94% used [0x00000000f0ed0000, 0x00000000f0f48a88, 0x00000000f0f50000)
  to   space 512K,   0% used [0x00000000f0e50000, 0x00000000f0e50000, 0x00000000f0ed0000)
 tenured generation   total 10944K, used 8411K [0x00000000f5c00000, 0x00000000f66b0000, 0x0000000100000000)
   the space 10944K,  76% used [0x00000000f5c00000, 0x00000000f6436d28, 0x00000000f6436e00, 0x00000000f66b0000)
 Metaspace       used 15611K, capacity 15778K, committed 16128K, reserved 1062912K
  class space    used 1837K, capacity 1939K, committed 2048K, reserved 1048576K
}
Event: 3.065 GC heap before
{Heap before GC invocations=21 (full 0):
 def new generation   total 4928K, used 4898K [0x00000000f0a00000, 0x00000000f0f50000, 0x00000000f5c00000)
  eden space 4416K, 100% used [0x00000000f0a00000, 0x00000000f0e50000, 0x00000000f0e50000)
  from space 512K,  94% used [0x00000000f0ed0000, 0x00000000f0f48a88, 0x00000000f0f50000)
  to   space 512K,   0% used [0x00000000f0e50000, 0x00000000f0e50000, 0x00000000f0ed0000)
 tenured generation   total 10944K, used 8411K [0x00000000f5c00000, 0x00000000f66b0000, 0x0000000100000000)
   the space 10944K,  76% used [0x00000000f5c00000, 0x00000000f6436d28, 0x00000000f6436e00, 0x00000000f66b0000)
 Metaspace       used 15650K, capacity 15912K, committed 16128K, reserved 1062912K
  class space    used 1838K, capacity 1940K, committed 2048K, reserved 1048576K
Event: 3.067 GC heap after
Heap after GC invocations=22 (full 0):
 def new generation   total 4928K, used 462K [0x00000000f0a00000, 0x00000000f0f50000, 0x00000000f5c00000)
  eden space 4416K,   0% used [0x00000000f0a00000, 0x00000000f0a00000, 0x00000000f0e50000)
  from space 512K,  90% used [0x00000000f0e50000, 0x00000000f0ec3a78, 0x00000000f0ed0000)
  to   space 512K,   0% used [0x00000000f0ed0000, 0x00000000f0ed0000, 0x00000000f0f50000)
 tenured generation   total 10944K, used 8800K [0x00000000f5c00000, 0x00000000f66b0000, 0x0000000100000000)
   the space 10944K,  80% used [0x00000000f5c00000, 0x00000000f6498110, 0x00000000f6498200, 0x00000000f66b0000)
 Metaspace       used 15650K, capacity 15912K, committed 16128K, reserved 1062912K
  class space    used 1838K, capacity 1940K, committed 2048K, reserved 1048576K
}
Event: 3.131 GC heap before
{Heap before GC invocations=22 (full 0):
 def new generation   total 4928K, used 4878K [0x00000000f0a00000, 0x00000000f0f50000, 0x00000000f5c00000)
  eden space 4416K, 100% used [0x00000000f0a00000, 0x00000000f0e50000, 0x00000000f0e50000)
  from space 512K,  90% used [0x00000000f0e50000, 0x00000000f0ec3a78, 0x00000000f0ed0000)
  to   space 512K,   0% used [0x00000000f0ed0000, 0x00000000f0ed0000, 0x00000000f0f50000)
 tenured generation   total 10944K, used 8800K [0x00000000f5c00000, 0x00000000f66b0000, 0x0000000100000000)
   the space 10944K,  80% used [0x00000000f5c00000, 0x00000000f6498110, 0x00000000f6498200, 0x00000000f66b0000)
 Metaspace       used 15673K, capacity 15912K, committed 16128K, reserved 1062912K
  class space    used 1838K, capacity 1940K, committed 2048K, reserved 1048576K
Event: 3.133 GC heap after
Heap after GC invocations=23 (full 0):
 def new generation   total 4928K, used 512K [0x00000000f0a00000, 0x00000000f0f50000, 0x00000000f5c00000)
  eden space 4416K,   0% used [0x00000000f0a00000, 0x00000000f0a00000, 0x00000000f0e50000)
  from space 512K, 100% used [0x00000000f0ed0000, 0x00000000f0f50000, 0x00000000f0f50000)
  to   space 512K,   0% used [0x00000000f0e50000, 0x00000000f0e50000, 0x00000000f0ed0000)
 tenured generation   total 10944K, used 9291K [0x00000000f5c00000, 0x00000000f66b0000, 0x0000000100000000)
   the space 10944K,  84% used [0x00000000f5c00000, 0x00000000f6512c10, 0x00000000f6512e00, 0x00000000f66b0000)
 Metaspace       used 15673K, capacity 15912K, committed 16128K, reserved 1062912K
  class space    used 1838K, capacity 1940K, committed 2048K, reserved 1048576K
}
Event: 3.173 GC heap before
{Heap before GC invocations=23 (full 0):
 def new generation   total 4928K, used 4928K [0x00000000f0a00000, 0x00000000f0f50000, 0x00000000f5c00000)
  eden space 4416K, 100% used [0x00000000f0a00000, 0x00000000f0e50000, 0x00000000f0e50000)
  from space 512K, 100% used [0x00000000f0ed0000, 0x00000000f0f50000, 0x00000000f0f50000)
  to   space 512K,   0% used [0x00000000f0e50000, 0x00000000f0e50000, 0x00000000f0ed0000)
 tenured generation   total 10944K, used 9291K [0x00000000f5c00000, 0x00000000f66b0000, 0x0000000100000000)
   the space 10944K,  84% used [0x00000000f5c00000, 0x00000000f6512c10, 0x00000000f6512e00, 0x00000000f66b0000)
 Metaspace       used 15681K, capacity 15912K, committed 16128K, reserved 1062912K
  class space    used 1838K, capacity 1940K, committed 2048K, reserved 1048576K
Event: 3.204 GC heap after
Heap after GC invocations=24 (full 1):
 def new generation   total 6400K, used 0K [0x00000000f0a00000, 0x00000000f10f0000, 0x00000000f5c00000)
  eden space 5696K,   0% used [0x00000000f0a00000, 0x00000000f0a00000, 0x00000000f0f90000)
  from space 704K,   0% used [0x00000000f0f90000, 0x00000000f0f90000, 0x00000000f1040000)
  to   space 704K,   0% used [0x00000000f1040000, 0x00000000f1040000, 0x00000000f10f0000)
 tenured generation   total 14188K, used 8511K [0x00000000f5c00000, 0x00000000f69db000, 0x0000000100000000)
   the space 14188K,  59% used [0x00000000f5c00000, 0x00000000f644ff08, 0x00000000f6450000, 0x00000000f69db000)
 Metaspace       used 15681K, capacity 15912K, committed 16128K, reserved 1062912K
  class space    used 1838K, capacity 1940K, committed 2048K, reserved 1048576K
}
Event: 3.285 GC heap before
{Heap before GC invocations=24 (full 1):
 def new generation   total 6400K, used 5696K [0x00000000f0a00000, 0x00000000f10f0000, 0x00000000f5c00000)
  eden space 5696K, 100% used [0x00000000f0a00000, 0x00000000f0f90000, 0x00000000f0f90000)
  from space 704K,   0% used [0x00000000f0f90000, 0x00000000f0f90000, 0x00000000f1040000)
  to   space 704K,   0% used [0x00000000f1040000, 0x00000000f1040000, 0x00000000f10f0000)
 tenured generation   total 14188K, used 8511K [0x00000000f5c00000, 0x00000000f69db000, 0x0000000100000000)
   the space 14188K,  59% used [0x00000000f5c00000, 0x00000000f644ff08, 0x00000000f6450000, 0x00000000f69db000)
 Metaspace       used 15838K, capacity 16040K, committed 16384K, reserved 1062912K
  class space    used 1852K, capacity 1940K, committed 2048K, reserved 1048576K
Event: 3.293 GC heap after
Heap after GC invocations=25 (full 1):
 def new generation   total 6400K, used 704K [0x00000000f0a00000, 0x00000000f10f0000, 0x00000000f5c00000)
  eden space 5696K,   0% used [0x00000000f0a00000, 0x00000000f0a00000, 0x00000000f0f90000)
  from space 704K, 100% used [0x00000000f1040000, 0x00000000f10f0000, 0x00000000f10f0000)
  to   space 704K,   0% used [0x00000000f0f90000, 0x00000000f0f90000, 0x00000000f1040000)
 tenured generation   total 14188K, used 9340K [0x00000000f5c00000, 0x00000000f69db000, 0x0000000100000000)
   the space 14188K,  65% used [0x00000000f5c00000, 0x00000000f651f158, 0x00000000f651f200, 0x00000000f69db000)
 Metaspace       used 15838K, capacity 16040K, committed 16384K, reserved 1062912K
  class space    used 1852K, capacity 1940K, committed 2048K, reserved 1048576K
}
Event: 3.441 GC heap before
{Heap before GC invocations=25 (full 1):
 def new generation   total 6400K, used 6400K [0x00000000f0a00000, 0x00000000f10f0000, 0x00000000f5c00000)
  eden space 5696K, 100% used [0x00000000f0a00000, 0x00000000f0f90000, 0x00000000f0f90000)
  from space 704K, 100% used [0x00000000f1040000, 0x00000000f10f0000, 0x00000000f10f0000)
  to   space 704K,   0% used [0x00000000f0f90000, 0x00000000f0f90000, 0x00000000f1040000)
 tenured generation   total 14188K, used 9340K [0x00000000f5c00000, 0x00000000f69db000, 0x0000000100000000)
   the space 14188K,  65% used [0x00000000f5c00000, 0x00000000f651f158, 0x00000000f651f200, 0x00000000f69db000)
 Metaspace       used 16121K, capacity 16328K, committed 16640K, reserved 1064960K
  class space    used 1882K, capacity 1972K, committed 2048K, reserved 1048576K
Event: 3.445 GC heap after
Heap after GC invocations=26 (full 1):
 def new generation   total 6400K, used 467K [0x00000000f0a00000, 0x00000000f10f0000, 0x00000000f5c00000)
  eden space 5696K,   0% used [0x00000000f0a00000, 0x00000000f0a00000, 0x00000000f0f90000)
  from space 704K,  66% used [0x00000000f0f90000, 0x00000000f1004d88, 0x00000000f1040000)
  to   space 704K,   0% used [0x00000000f1040000, 0x00000000f1040000, 0x00000000f10f0000)
 tenured generation   total 14188K, used 9960K [0x00000000f5c00000, 0x00000000f69db000, 0x0000000100000000)
   the space 14188K,  70% used [0x00000000f5c00000, 0x00000000f65ba220, 0x00000000f65ba400, 0x00000000f69db000)
 Metaspace       used 16121K, capacity 16328K, committed 16640K, reserved 1064960K
  class space    used 1882K, capacity 1972K, committed 2048K, reserved 1048576K
}
Event: 3.625 GC heap before
{Heap before GC invocations=26 (full 1):
 def new generation   total 6400K, used 6163K [0x00000000f0a00000, 0x00000000f10f0000, 0x00000000f5c00000)
  eden space 5696K, 100% used [0x00000000f0a00000, 0x00000000f0f90000, 0x00000000f0f90000)
  from space 704K,  66% used [0x00000000f0f90000, 0x00000000f1004d88, 0x00000000f1040000)
  to   space 704K,   0% used [0x00000000f1040000, 0x00000000f1040000, 0x00000000f10f0000)
 tenured generation   total 14188K, used 9960K [0x00000000f5c00000, 0x00000000f69db000, 0x0000000100000000)
   the space 14188K,  70% used [0x00000000f5c00000, 0x00000000f65ba220, 0x00000000f65ba400, 0x00000000f69db000)
 Metaspace       used 16481K, capacity 16710K, committed 16896K, reserved 1064960K
  class space    used 1930K, capacity 2014K, committed 2048K, reserved 1048576K
Event: 3.627 GC heap after
Heap after GC invocations=27 (full 1):
 def new generation   total 6400K, used 594K [0x00000000f0a00000, 0x00000000f10f0000, 0x00000000f5c00000)
  eden space 5696K,   0% used [0x00000000f0a00000, 0x00000000f0a00000, 0x00000000f0f90000)
  from space 704K,  84% used [0x00000000f1040000, 0x00000000f10d4a80, 0x00000000f10f0000)
  to   space 704K,   0% used [0x00000000f0f90000, 0x00000000f0f90000, 0x00000000f1040000)
 tenured generation   total 14188K, used 10213K [0x00000000f5c00000, 0x00000000f69db000, 0x0000000100000000)
   the space 14188K,  71% used [0x00000000f5c00000, 0x00000000f65f9650, 0x00000000f65f9800, 0x00000000f69db000)
 Metaspace       used 16481K, capacity 16710K, committed 16896K, reserved 1064960K
  class space    used 1930K, capacity 2014K, committed 2048K, reserved 1048576K
}
Event: 3.982 GC heap before
{Heap before GC invocations=27 (full 1):
 def new generation   total 6400K, used 6290K [0x00000000f0a00000, 0x00000000f10f0000, 0x00000000f5c00000)
  eden space 5696K, 100% used [0x00000000f0a00000, 0x00000000f0f90000, 0x00000000f0f90000)
  from space 704K,  84% used [0x00000000f1040000, 0x00000000f10d4a80, 0x00000000f10f0000)
  to   space 704K,   0% used [0x00000000f0f90000, 0x00000000f0f90000, 0x00000000f1040000)
 tenured generation   total 14188K, used 10213K [0x00000000f5c00000, 0x00000000f69db000, 0x0000000100000000)
   the space 14188K,  71% used [0x00000000f5c00000, 0x00000000f65f9650, 0x00000000f65f9800, 0x00000000f69db000)
 Metaspace       used 19079K, capacity 19544K, committed 19840K, reserved 1067008K
  class space    used 2209K, capacity 2363K, committed 2432K, reserved 1048576K
Event: 3.985 GC heap after
Heap after GC invocations=28 (full 1):
 def new generation   total 6400K, used 703K [0x00000000f0a00000, 0x00000000f10f0000, 0x00000000f5c00000)
  eden space 5696K,   0% used [0x00000000f0a00000, 0x00000000f0a00000, 0x00000000f0f90000)
  from space 704K,  99% used [0x00000000f0f90000, 0x00000000f103fff8, 0x00000000f1040000)
  to   space 704K,   0% used [0x00000000f1040000, 0x00000000f1040000, 0x00000000f10f0000)
 tenured generation   total 14188K, used 10928K [0x00000000f5c00000, 0x00000000f69db000, 0x0000000100000000)
   the space 14188K,  77% used [0x00000000f5c00000, 0x00000000f66ac2f8, 0x00000000f66ac400, 0x00000000f69db000)
 Metaspace       used 19079K, capacity 19544K, committed 19840K, reserved 1067008K
  class space    used 2209K, capacity 2363K, committed 2432K, reserved 1048576K
}
Event: 4.147 GC heap before
{Heap before GC invocations=28 (full 1):
 def new generation   total 6400K, used 6399K [0x00000000f0a00000, 0x00000000f10f0000, 0x00000000f5c00000)
  eden space 5696K, 100% used [0x00000000f0a00000, 0x00000000f0f90000, 0x00000000f0f90000)
  from space 704K,  99% used [0x00000000f0f90000, 0x00000000f103fff8, 0x00000000f1040000)
  to   space 704K,   0% used [0x00000000f1040000, 0x00000000f1040000, 0x00000000f10f0000)
 tenured generation   total 14188K, used 10928K [0x00000000f5c00000, 0x00000000f69db000, 0x0000000100000000)
   the space 14188K,  77% used [0x00000000f5c00000, 0x00000000f66ac2f8, 0x00000000f66ac400, 0x00000000f69db000)
 Metaspace       used 19458K, capacity 19940K, committed 20096K, reserved 1067008K
  class space    used 2250K, capacity 2404K, committed 2432K, reserved 1048576K
Event: 4.151 GC heap after
Heap after GC invocations=29 (full 1):
 def new generation   total 6400K, used 704K [0x00000000f0a00000, 0x00000000f10f0000, 0x00000000f5c00000)
  eden space 5696K,   0% used [0x00000000f0a00000, 0x00000000f0a00000, 0x00000000f0f90000)
  from space 704K, 100% used [0x00000000f1040000, 0x00000000f10f0000, 0x00000000f10f0000)
  to   space 704K,   0% used [0x00000000f0f90000, 0x00000000f0f90000, 0x00000000f1040000)
 tenured generation   total 14188K, used 11792K [0x00000000f5c00000, 0x00000000f69db000, 0x0000000100000000)
   the space 14188K,  83% used [0x00000000f5c00000, 0x00000000f67840b8, 0x00000000f6784200, 0x00000000f69db000)
 Metaspace       used 19458K, capacity 19940K, committed 20096K, reserved 1067008K
  class space    used 2250K, capacity 2404K, committed 2432K, reserved 1048576K
}
Event: 4.468 GC heap before
{Heap before GC invocations=29 (full 1):
 def new generation   total 6400K, used 6400K [0x00000000f0a00000, 0x00000000f10f0000, 0x00000000f5c00000)
  eden space 5696K, 100% used [0x00000000f0a00000, 0x00000000f0f90000, 0x00000000f0f90000)
  from space 704K, 100% used [0x00000000f1040000, 0x00000000f10f0000, 0x00000000f10f0000)
  to   space 704K,   0% used [0x00000000f0f90000, 0x00000000f0f90000, 0x00000000f1040000)
 tenured generation   total 14188K, used 11792K [0x00000000f5c00000, 0x00000000f69db000, 0x0000000100000000)
   the space 14188K,  83% used [0x00000000f5c00000, 0x00000000f67840b8, 0x00000000f6784200, 0x00000000f69db000)
 Metaspace       used 21400K, capacity 21872K, committed 22144K, reserved 1069056K
  class space    used 2481K, capacity 2685K, committed 2688K, reserved 1048576K
Event: 4.472 GC heap after
Heap after GC invocations=30 (full 1):
 def new generation   total 6400K, used 704K [0x00000000f0a00000, 0x00000000f10f0000, 0x00000000f5c00000)
  eden space 5696K,   0% used [0x00000000f0a00000, 0x00000000f0a00000, 0x00000000f0f90000)
  from space 704K, 100% used [0x00000000f0f90000, 0x00000000f1040000, 0x00000000f1040000)
  to   space 704K,   0% used [0x00000000f1040000, 0x00000000f1040000, 0x00000000f10f0000)
 tenured generation   total 14188K, used 13041K [0x00000000f5c00000, 0x00000000f69db000, 0x0000000100000000)
   the space 14188K,  91% used [0x00000000f5c00000, 0x00000000f68bc660, 0x00000000f68bc800, 0x00000000f69db000)
 Metaspace       used 21400K, capacity 21872K, committed 22144K, reserved 1069056K
  class space    used 2481K, capacity 2685K, committed 2688K, reserved 1048576K
}
Event: 4.868 GC heap before
{Heap before GC invocations=30 (full 1):
 def new generation   total 6400K, used 6400K [0x00000000f0a00000, 0x00000000f10f0000, 0x00000000f5c00000)
  eden space 5696K, 100% used [0x00000000f0a00000, 0x00000000f0f90000, 0x00000000f0f90000)
  from space 704K, 100% used [0x00000000f0f90000, 0x00000000f1040000, 0x00000000f1040000)
  to   space 704K,   0% used [0x00000000f1040000, 0x00000000f1040000, 0x00000000f10f0000)
 tenured generation   total 14188K, used 13041K [0x00000000f5c00000, 0x00000000f69db000, 0x0000000100000000)
   the space 14188K,  91% used [0x00000000f5c00000, 0x00000000f68bc660, 0x00000000f68bc800, 0x00000000f69db000)
 Metaspace       used 23794K, capacity 24326K, committed 24576K, reserved 1071104K
  class space    used 2821K, capacity 3032K, committed 3072K, reserved 1048576K
Event: 4.951 GC heap after
Heap after GC invocations=31 (full 2):
 def new generation   total 8640K, used 0K [0x00000000f0a00000, 0x00000000f1350000, 0x00000000f5c00000)
  eden space 7744K,   0% used [0x00000000f0a00000, 0x00000000f0a00000, 0x00000000f1190000)
  from space 896K,   0% used [0x00000000f1190000, 0x00000000f1190000, 0x00000000f1270000)
  to   space 896K,   0% used [0x00000000f1270000, 0x00000000f1270000, 0x00000000f1350000)
 tenured generation   total 18992K, used 11393K [0x00000000f5c00000, 0x00000000f6e8c000, 0x0000000100000000)
   the space 18992K,  59% used [0x00000000f5c00000, 0x00000000f6720650, 0x00000000f6720800, 0x00000000f6e8c000)
 Metaspace       used 23794K, capacity 24326K, committed 24576K, reserved 1071104K
  class space    used 2821K, capacity 3032K, committed 3072K, reserved 1048576K
}
Event: 5.253 GC heap before
{Heap before GC invocations=31 (full 2):
 def new generation   total 8640K, used 7744K [0x00000000f0a00000, 0x00000000f1350000, 0x00000000f5c00000)
  eden space 7744K, 100% used [0x00000000f0a00000, 0x00000000f1190000, 0x00000000f1190000)
  from space 896K,   0% used [0x00000000f1190000, 0x00000000f1190000, 0x00000000f1270000)
  to   space 896K,   0% used [0x00000000f1270000, 0x00000000f1270000, 0x00000000f1350000)
 tenured generation   total 18992K, used 11393K [0x00000000f5c00000, 0x00000000f6e8c000, 0x0000000100000000)
   the space 18992K,  59% used [0x00000000f5c00000, 0x00000000f6720650, 0x00000000f6720800, 0x00000000f6e8c000)
 Metaspace       used 25284K, capacity 25862K, committed 26112K, reserved 1073152K
  class space    used 3019K, capacity 3224K, committed 3328K, reserved 1048576K
Event: 5.256 GC heap after
Heap after GC invocations=32 (full 2):
 def new generation   total 8640K, used 896K [0x00000000f0a00000, 0x00000000f1350000, 0x00000000f5c00000)
  eden space 7744K,   0% used [0x00000000f0a00000, 0x00000000f0a00000, 0x00000000f1190000)
  from space 896K, 100% used [0x00000000f1270000, 0x00000000f1350000, 0x00000000f1350000)
  to   space 896K,   0% used [0x00000000f1190000, 0x00000000f1190000, 0x00000000f1270000)
 tenured generation   total 18992K, used 11933K [0x00000000f5c00000, 0x00000000f6e8c000, 0x0000000100000000)
   the space 18992K,  62% used [0x00000000f5c00000, 0x00000000f67a7418, 0x00000000f67a7600, 0x00000000f6e8c000)
 Metaspace       used 25284K, capacity 25862K, committed 26112K, reserved 1073152K
  class space    used 3019K, capacity 3224K, committed 3328K, reserved 1048576K
}
Event: 5.448 GC heap before
{Heap before GC invocations=32 (full 2):
 def new generation   total 8640K, used 8640K [0x00000000f0a00000, 0x00000000f1350000, 0x00000000f5c00000)
  eden space 7744K, 100% used [0x00000000f0a00000, 0x00000000f1190000, 0x00000000f1190000)
  from space 896K, 100% used [0x00000000f1270000, 0x00000000f1350000, 0x00000000f1350000)
  to   space 896K,   0% used [0x00000000f1190000, 0x00000000f1190000, 0x00000000f1270000)
 tenured generation   total 18992K, used 11933K [0x00000000f5c00000, 0x00000000f6e8c000, 0x0000000100000000)
   the space 18992K,  62% used [0x00000000f5c00000, 0x00000000f67a7418, 0x00000000f67a7600, 0x00000000f6e8c000)
 Metaspace       used 26145K, capacity 26668K, committed 26880K, reserved 1073152K
  class space    used 3117K, capacity 3321K, committed 3328K, reserved 1048576K
Event: 5.451 GC heap after
Heap after GC invocations=33 (full 2):
 def new generation   total 8640K, used 886K [0x00000000f0a00000, 0x00000000f1350000, 0x00000000f5c00000)
  eden space 7744K,   0% used [0x00000000f0a00000, 0x00000000f0a00000, 0x00000000f1190000)
  from space 896K,  98% used [0x00000000f1190000, 0x00000000f126d8c8, 0x00000000f1270000)
  to   space 896K,   0% used [0x00000000f1270000, 0x00000000f1270000, 0x00000000f1350000)
 tenured generation   total 18992K, used 12234K [0x00000000f5c00000, 0x00000000f6e8c000, 0x0000000100000000)
   the space 18992K,  64% used [0x00000000f5c00000, 0x00000000f67f2aa0, 0x00000000f67f2c00, 0x00000000f6e8c000)
 Metaspace       used 26145K, capacity 26668K, committed 26880K, reserved 1073152K
  class space    used 3117K, capacity 3321K, committed 3328K, reserved 1048576K
}
Event: 5.707 GC heap before
{Heap before GC invocations=33 (full 2):
 def new generation   total 8640K, used 8630K [0x00000000f0a00000, 0x00000000f1350000, 0x00000000f5c00000)
  eden space 7744K, 100% used [0x00000000f0a00000, 0x00000000f1190000, 0x00000000f1190000)
  from space 896K,  98% used [0x00000000f1190000, 0x00000000f126d8c8, 0x00000000f1270000)
  to   space 896K,   0% used [0x00000000f1270000, 0x00000000f1270000, 0x00000000f1350000)
 tenured generation   total 18992K, used 12234K [0x00000000f5c00000, 0x00000000f6e8c000, 0x0000000100000000)
   the space 18992K,  64% used [0x00000000f5c00000, 0x00000000f67f2aa0, 0x00000000f67f2c00, 0x00000000f6e8c000)
 Metaspace       used 27459K, capacity 28076K, committed 28416K, reserved 1075200K
  class space    used 3275K, capacity 3491K, committed 3584K, reserved 1048576K
Event: 5.709 GC heap after
Heap after GC invocations=34 (full 2):
 def new generation   total 8640K, used 895K [0x00000000f0a00000, 0x00000000f1350000, 0x00000000f5c00000)
  eden space 7744K,   0% used [0x00000000f0a00000, 0x00000000f0a00000, 0x00000000f1190000)
  from space 896K,  99% used [0x00000000f1270000, 0x00000000f134fff8, 0x00000000f1350000)
  to   space 896K,   0% used [0x00000000f1190000, 0x00000000f1190000, 0x00000000f1270000)
 tenured generation   total 18992K, used 12786K [0x00000000f5c00000, 0x00000000f6e8c000, 0x0000000100000000)
   the space 18992K,  67% used [0x00000000f5c00000, 0x00000000f687ca28, 0x00000000f687cc00, 0x00000000f6e8c000)
 Metaspace       used 27459K, capacity 28076K, committed 28416K, reserved 1075200K
  class space    used 3275K, capacity 3491K, committed 3584K, reserved 1048576K
}
Event: 5.830 GC heap before
{Heap before GC invocations=34 (full 2):
 def new generation   total 8640K, used 6555K [0x00000000f0a00000, 0x00000000f1350000, 0x00000000f5c00000)
  eden space 7744K,  73% used [0x00000000f0a00000, 0x00000000f0f86f48, 0x00000000f1190000)
  from space 896K,  99% used [0x00000000f1270000, 0x00000000f134fff8, 0x00000000f1350000)
  to   space 896K,   0% used [0x00000000f1190000, 0x00000000f1190000, 0x00000000f1270000)
 tenured generation   total 18992K, used 12786K [0x00000000f5c00000, 0x00000000f6e8c000, 0x0000000100000000)
   the space 18992K,  67% used [0x00000000f5c00000, 0x00000000f687ca28, 0x00000000f687cc00, 0x00000000f6e8c000)
 Metaspace       used 28328K, capacity 28946K, committed 29312K, reserved 1075200K
  class space    used 3367K, capacity 3588K, committed 3712K, reserved 1048576K
Event: 5.867 GC heap after
Heap after GC invocations=35 (full 3):
 def new generation   total 9920K, used 0K [0x00000000f0a00000, 0x00000000f14c0000, 0x00000000f5c00000)
  eden space 8832K,   0% used [0x00000000f0a00000, 0x00000000f0a00000, 0x00000000f12a0000)
  from space 1088K,   0% used [0x00000000f12a0000, 0x00000000f12a0000, 0x00000000f13b0000)
  to   space 1088K,   0% used [0x00000000f13b0000, 0x00000000f13b0000, 0x00000000f14c0000)
 tenured generation   total 22004K, used 13200K [0x00000000f5c00000, 0x00000000f717d000, 0x0000000100000000)
   the space 22004K,  59% used [0x00000000f5c00000, 0x00000000f68e40a0, 0x00000000f68e4200, 0x00000000f717d000)
 Metaspace       used 28328K, capacity 28946K, committed 29312K, reserved 1075200K
  class space    used 3367K, capacity 3588K, committed 3712K, reserved 1048576K
}
Event: 5.936 GC heap before
{Heap before GC invocations=35 (full 3):
 def new generation   total 9920K, used 3754K [0x00000000f0a00000, 0x00000000f14c0000, 0x00000000f5c00000)
  eden space 8832K,  42% used [0x00000000f0a00000, 0x00000000f0daa8e0, 0x00000000f12a0000)
  from space 1088K,   0% used [0x00000000f12a0000, 0x00000000f12a0000, 0x00000000f13b0000)
  to   space 1088K,   0% used [0x00000000f13b0000, 0x00000000f13b0000, 0x00000000f14c0000)
 tenured generation   total 38392K, used 29584K [0x00000000f5c00000, 0x00000000f817e000, 0x0000000100000000)
   the space 38392K,  77% used [0x00000000f5c00000, 0x00000000f78e40b0, 0x00000000f78e4200, 0x00000000f817e000)
 Metaspace       used 28903K, capacity 29490K, committed 29824K, reserved 1075200K
  class space    used 3408K, capacity 3620K, committed 3712K, reserved 1048576K
Event: 5.984 GC heap after
Heap after GC invocations=36 (full 4):
 def new generation   total 21888K, used 0K [0x00000000f0a00000, 0x00000000f21b0000, 0x00000000f5c00000)
  eden space 19520K,   0% used [0x00000000f0a00000, 0x00000000f0a00000, 0x00000000f1d10000)
  from space 2368K,   0% used [0x00000000f1d10000, 0x00000000f1d10000, 0x00000000f1f60000)
  to   space 2368K,   0% used [0x00000000f1f60000, 0x00000000f1f60000, 0x00000000f21b0000)
 tenured generation   total 48460K, used 29075K [0x00000000f5c00000, 0x00000000f8b53000, 0x0000000100000000)
   the space 48460K,  59% used [0x00000000f5c00000, 0x00000000f7864d08, 0x00000000f7864e00, 0x00000000f8b53000)
 Metaspace       used 28903K, capacity 29490K, committed 29824K, reserved 1075200K
  class space    used 3408K, capacity 3620K, committed 3712K, reserved 1048576K
}
Event: 6.052 GC heap before
{Heap before GC invocations=36 (full 4):
 def new generation   total 21888K, used 19520K [0x00000000f0a00000, 0x00000000f21b0000, 0x00000000f5c00000)
  eden space 19520K, 100% used [0x00000000f0a00000, 0x00000000f1d10000, 0x00000000f1d10000)
  from space 2368K,   0% used [0x00000000f1d10000, 0x00000000f1d10000, 0x00000000f1f60000)
  to   space 2368K,   0% used [0x00000000f1f60000, 0x00000000f1f60000, 0x00000000f21b0000)
 tenured generation   total 48460K, used 29075K [0x00000000f5c00000, 0x00000000f8b53000, 0x0000000100000000)
   the space 48460K,  59% used [0x00000000f5c00000, 0x00000000f7864d08, 0x00000000f7864e00, 0x00000000f8b53000)
 Metaspace       used 29287K, capacity 29906K, committed 30080K, reserved 1075200K
  class space    used 3439K, capacity 3652K, committed 3712K, reserved 1048576K
Event: 6.070 GC heap after
Heap after GC invocations=37 (full 4):
 def new generation   total 21888K, used 501K [0x00000000f0a00000, 0x00000000f21b0000, 0x00000000f5c00000)
  eden space 19520K,   0% used [0x00000000f0a00000, 0x00000000f0a00000, 0x00000000f1d10000)
  from space 2368K,  21% used [0x00000000f1f60000, 0x00000000f1fdd690, 0x00000000f21b0000)
  to   space 2368K,   0% used [0x00000000f1d10000, 0x00000000f1d10000, 0x00000000f1f60000)
 tenured generation   total 48460K, used 45459K [0x00000000f5c00000, 0x00000000f8b53000, 0x0000000100000000)
   the space 48460K,  93% used [0x00000000f5c00000, 0x00000000f8864d18, 0x00000000f8864e00, 0x00000000f8b53000)
 Metaspace       used 29287K, capacity 29906K, committed 30080K, reserved 1075200K
  class space    used 3439K, capacity 3652K, committed 3712K, reserved 1048576K
}
Event: 6.733 GC heap before
{Heap before GC invocations=37 (full 4):
 def new generation   total 21888K, used 20021K [0x00000000f0a00000, 0x00000000f21b0000, 0x00000000f5c00000)
  eden space 19520K, 100% used [0x00000000f0a00000, 0x00000000f1d10000, 0x00000000f1d10000)
  from space 2368K,  21% used [0x00000000f1f60000, 0x00000000f1fdd690, 0x00000000f21b0000)
  to   space 2368K,   0% used [0x00000000f1d10000, 0x00000000f1d10000, 0x00000000f1f60000)
 tenured generation   total 48460K, used 45459K [0x00000000f5c00000, 0x00000000f8b53000, 0x0000000100000000)
   the space 48460K,  93% used [0x00000000f5c00000, 0x00000000f8864d18, 0x00000000f8864e00, 0x00000000f8b53000)
 Metaspace       used 32142K, capacity 32876K, committed 33024K, reserved 1079296K
  class space    used 3818K, capacity 4092K, committed 4096K, reserved 1048576K
Event: 6.741 GC heap after
Heap after GC invocations=38 (full 4):
 def new generation   total 21888K, used 2368K [0x00000000f0a00000, 0x00000000f21b0000, 0x00000000f5c00000)
  eden space 19520K,   0% used [0x00000000f0a00000, 0x00000000f0a00000, 0x00000000f1d10000)
  from space 2368K, 100% used [0x00000000f1d10000, 0x00000000f1f60000, 0x00000000f1f60000)
  to   space 2368K,   0% used [0x00000000f1f60000, 0x00000000f1f60000, 0x00000000f21b0000)
 tenured generation   total 48460K, used 46949K [0x00000000f5c00000, 0x00000000f8b53000, 0x0000000100000000)
   the space 48460K,  96% used [0x00000000f5c00000, 0x00000000f89d96b8, 0x00000000f89d9800, 0x00000000f8b53000)
 Metaspace       used 32142K, capacity 32876K, committed 33024K, reserved 1079296K
  class space    used 3818K, capacity 4092K, committed 4096K, reserved 1048576K
}
Event: 7.248 GC heap before
{Heap before GC invocations=38 (full 4):
 def new generation   total 21888K, used 21888K [0x00000000f0a00000, 0x00000000f21b0000, 0x00000000f5c00000)
  eden space 19520K, 100% used [0x00000000f0a00000, 0x00000000f1d10000, 0x00000000f1d10000)
  from space 2368K, 100% used [0x00000000f1d10000, 0x00000000f1f60000, 0x00000000f1f60000)
  to   space 2368K,   0% used [0x00000000f1f60000, 0x00000000f1f60000, 0x00000000f21b0000)
 tenured generation   total 48460K, used 46949K [0x00000000f5c00000, 0x00000000f8b53000, 0x0000000100000000)
   the space 48460K,  96% used [0x00000000f5c00000, 0x00000000f89d96b8, 0x00000000f89d9800, 0x00000000f8b53000)
 Metaspace       used 33835K, capacity 35160K, committed 35328K, reserved 1079296K
  class space    used 4050K, capacity 4545K, committed 4608K, reserved 1048576K

